This is pdfTeX, Version 3.14159265-2.6-1.40.20 (TeX Live 2019/Debian) (preloaded format=pdflatex 2020.5.16)  2 JUN 2020 20:44
entering extended mode
 restricted \write18 enabled.
 %&-line parsing enabled.
**/home/gennart/Documents/MAI/Thesis/Reports/Thesis/thesis.tex
(/home/gennart/Documents/MAI/Thesis/Reports/Thesis/thesis.tex
LaTeX2e <2020-02-02> patch level 2
L3 programming layer <2020-02-14> (/home/gennart/Documents/MAI/Thesis/Reports/T
hesis/kulemt.cls
Document Class: kulemt 2017/05/30 v1.9 KU Leuven engineering master's thesis do
cument class
(/usr/share/texlive/texmf-dist/tex/latex/graphics/keyval.sty
Package: keyval 2014/10/28 v1.15 key=value parser (DPC)
\KV@toks@=\toks14
)
\kulemt@bind=\dimen134
(/usr/share/texlive/texmf-dist/tex/latex/base/inputenc.sty
Package: inputenc 2018/08/11 v1.3c Input encoding file
\inpenc@prehook=\toks15
\inpenc@posthook=\toks16
(/usr/share/texlive/texmf-dist/tex/latex/base/ascii.def
File: ascii.def 2018/08/11 v1.3c Input encoding file
))
\kulemt@facnum=\count167
(/home/gennart/Documents/MAI/Thesis/Reports/Thesis/kulemt.cfg
File: kulemt.cfg 2017/05/30
) (/usr/share/texlive/texmf-dist/tex/latex/memoir/memoir.cls
Document Class: memoir 2019/11/21 v3.7j configurable book, report, article docu
ment class
\onelineskip=\skip47
\lxvchars=\skip48
\xlvchars=\skip49
\@memcnta=\count168
\c@@memmarkcntra=\count169
LaTeX Info: Redefining \InputIfFileExists on input line 140.
(/usr/share/texlive/texmf-dist/tex/generic/iftex/iftex.sty
Package: iftex 2019/11/07 v1.0c TeX engine tests
)
\stockheight=\skip50
\stockwidth=\skip51
\trimtop=\skip52
\trimedge=\skip53
(/usr/share/texlive/texmf-dist/tex/latex/memoir/mem11.clo
File: mem11.clo 2008/01/30 v0.3 memoir class 11pt size option
)
\binding=\skip54
\spinemargin=\skip55
\foremargin=\skip56
\uppermargin=\skip57
\lowermargin=\skip58
\headdrop=\skip59
\normalrulethickness=\skip60
\mem@maxheadheight=\skip61
\mem@maxfootheight=\skip62
\headwidth=\skip63
\c@storedpagenumber=\count170
\memPD=\dimen135
\m@mabparskip=\skip64
\thanksmarkwidth=\skip65
\thanksmarksep=\skip66
\droptitle=\skip67
\c@book=\count171
\c@part=\count172
\c@chapter=\count173
\c@section=\count174
\c@subsection=\count175
\c@subsubsection=\count176
\c@paragraph=\count177
\c@subparagraph=\count178
\beforechapskip=\skip68
\midchapskip=\skip69
\afterchapskip=\skip70
\chapindent=\skip71
\bottomsectionskip=\skip72
\secindent=\skip73
\beforesecskip=\skip74
\aftersecskip=\skip75
\subsecindent=\skip76
\beforesubsecskip=\skip77
\aftersubsecskip=\skip78
\subsubsecindent=\skip79
\beforesubsubsecskip=\skip80
\aftersubsubsecskip=\skip81
\paraindent=\skip82
\beforeparaskip=\skip83
\afterparaskip=\skip84
\subparaindent=\skip85
\beforesubparaskip=\skip86
\aftersubparaskip=\skip87
\pfbreakskip=\skip88
\c@@ppsavesec=\count179
\c@@ppsaveapp=\count180
\ragrparindent=\dimen136
\everylistparindent=\dimen137
\parsepi=\skip89
\topsepi=\skip90
\itemsepi=\skip91
\parsepii=\skip92
\topsepii=\skip93
\topsepiii=\skip94
\itemsepii=\skip95
\itemsepiii=\skip96
\partopsepii=\skip97
\partopsepiii=\skip98
\m@msavetopsep=\skip99
\m@msavepartopsep=\skip100
\@enLab=\toks17
\abstitleskip=\skip101
\absleftindent=\skip102
\abs@leftindent=\dimen138
\absrightindent=\skip103
\absparindent=\skip104
\absparsep=\skip105
\c@vslineno=\count181
\c@poemline=\count182
\c@modulo@vs=\count183
\c@memfvsline=\count184
\vleftskip=\skip106
\vrightskip=\skip107
\stanzaskip=\skip108
\versewidth=\skip109
\vgap=\skip110
\vindent=\skip111
\vleftmargin=\dimen139
\c@verse=\count185
\c@chrsinstr=\count186
\beforepoemtitleskip=\skip112
\afterpoemtitleskip=\skip113
\c@poem=\count187
\beforePoemTitleskip=\skip114
\midPoemTitleskip=\skip115
\afterPoemTitleskip=\skip116
(/usr/share/texlive/texmf-dist/tex/latex/tools/array.sty
Package: array 2019/08/31 v2.4l Tabular extension package (FMi)
\col@sep=\dimen140
\ar@mcellbox=\box45
\extrarowheight=\dimen141
\NC@list=\toks18
\extratabsurround=\skip117
\backup@length=\skip118
\ar@cellbox=\box46
) (/usr/share/texlive/texmf-dist/tex/latex/tools/dcolumn.sty
Package: dcolumn 2014/10/28 v1.06 decimal alignment package (DPC)
) (/usr/share/texlive/texmf-dist/tex/latex/tools/delarray.sty
Package: delarray 2014/10/28 v1.01 array delimiter package (DPC)
) (/usr/share/texlive/texmf-dist/tex/latex/tools/tabularx.sty
Package: tabularx 2020/01/15 v2.11c `tabularx' package (DPC)
\TX@col@width=\dimen142
\TX@old@table=\dimen143
\TX@old@col=\dimen144
\TX@target=\dimen145
\TX@delta=\dimen146
\TX@cols=\count188
\TX@ftn=\toks19
)
\heavyrulewidth=\dimen147
\lightrulewidth=\dimen148
\cmidrulewidth=\dimen149
\belowrulesep=\dimen150
\belowbottomsep=\dimen151
\aboverulesep=\dimen152
\abovetopsep=\dimen153
\cmidrulesep=\dimen154
\cmidrulekern=\dimen155
\defaultaddspace=\dimen156
\@cmidla=\count189
\@cmidlb=\count190
\@aboverulesep=\dimen157
\@belowrulesep=\dimen158
\@thisruleclass=\count191
\@lastruleclass=\count192
\@thisrulewidth=\dimen159
\ctableftskip=\skip119
\ctabrightskip=\skip120
\abovecolumnspenalty=\count193
\@linestogo=\count194
\@cellstogo=\count195
\@cellsincolumn=\count196
\crtok=\toks20
\@mincolumnwidth=\dimen160
\c@newflo@tctr=\count197
\mem@margin@floatbox=\box47
\@contcwidth=\skip121
\@contindw=\skip122
\abovecaptionskip=\skip123
\belowcaptionskip=\skip124
\subfloattopskip=\skip125
\subfloatcapskip=\skip126
\subfloatcaptopadj=\skip127
\subfloatbottomskip=\skip128
\subfloatlabelskip=\skip129
\subfloatcapmargin=\dimen161
\c@@contsubnum=\count198
\m@mscap@capbox=\box48
\m@mscap@fbox=\box49
\sidecapsep=\dimen162
\sidecapwidth=\dimen163
\m@m@tempdima=\dimen164
\m@mscapraise=\dimen165
\sidecapraise=\dimen166
\m@mscapmainwidth=\dimen167
\m@mscaplkern=\dimen168
\beforeepigraphskip=\skip130
\afterepigraphskip=\skip131
\epigraphwidth=\skip132
\epigraphrule=\skip133
LaTeX Info: Redefining \em on input line 7662.
LaTeX Info: Redefining \emph on input line 7670.
\tocentryskip=\skip134
\tocbaseline=\skip135
\cftparskip=\skip136
\cftbeforebookskip=\skip137
\cftbookindent=\dimen169
\cftbooknumwidth=\dimen170
\cftbeforepartskip=\skip138
\cftpartindent=\skip139
\cftpartnumwidth=\skip140
\cftbeforechapterskip=\skip141
\cftchapterindent=\skip142
\cftchapternumwidth=\skip143
\cftbeforesectionskip=\skip144
\cftsectionindent=\skip145
\cftsectionnumwidth=\skip146
\cftbeforesubsectionskip=\skip147
\cftsubsectionindent=\skip148
\cftsubsectionnumwidth=\skip149
\cftbeforesubsubsectionskip=\skip150
\cftsubsubsectionindent=\skip151
\cftsubsubsectionnumwidth=\skip152
\cftbeforeparagraphskip=\skip153
\cftparagraphindent=\skip154
\cftparagraphnumwidth=\skip155
\cftbeforesubparagraphskip=\skip156
\cftsubparagraphindent=\skip157
\cftsubparagraphnumwidth=\skip158
\prechapterprecisshift=\dimen171
\c@maxsecnumdepth=\count199
\bibindent=\dimen172
\bibitemsep=\skip159
\indexcolsep=\skip160
\indexrule=\skip161
\indexmarkstyle=\toks21
\@indexbox=\insert252
\glossarycolsep=\dimen173
\glossaryrule=\dimen174
\sideparvshift=\skip162
\sideins=\insert251
\sidebartopsep=\skip163
\sidebarhsep=\skip164
\sidebarvsep=\skip165
\sidebarwidth=\skip166
\footmarkwidth=\skip167
\footmarksep=\skip168
\footparindent=\skip169
\footinsdim=\skip170
\footinsv@r=\insert250
\@mpfootinsv@r=\insert249
\m@m@k=\count266
\m@m@h=\dimen175
\m@mipn@skip=\skip171
\sidefootins=\insert248
\sidefootadjust=\skip172
\sidefootheight=\skip173
\sidefoothsep=\skip174
\sidefootvsep=\skip175
\sidefootwidth=\skip176
\m@mdownsf=\skip177
\c@sidefootnote=\count267
\sidefootmarkwidth=\skip178
\sidefootmarksep=\skip179
\sidefootparindent=\skip180
\c@pagenote=\count268
\c@pagenoteshadow=\count269
\mem@pn@lastkern=\skip181
\every@verbatim=\toks22
\afterevery@verbatim=\toks23
\verbatim@line=\toks24
\tab@position=\count270
\verbatim@in@stream=\read2
\verbatimindent=\skip182
\verbatim@out=\write3
\bvboxsep=\skip183
\c@memfbvline=\count271
\c@bvlinectr=\count272
\bvnumlength=\skip184
\fb@frw=\dimen176
\fb@frh=\dimen177
\FrameRule=\dimen178
\FrameSep=\dimen179
\c@cp@cntr=\count273
LaTeX Info: Redefining \: on input line 12187.
LaTeX Info: Redefining \! on input line 12189.
\c@ism@mctr=\count274
\c@xsm@mctr=\count275
\c@csm@mctr=\count276
\c@ksm@mctr=\count277
\c@xksm@mctr=\count278
\c@cksm@mctr=\count279
\c@msm@mctr=\count280
\c@xmsm@mctr=\count281
\c@cmsm@mctr=\count282
\c@bsm@mctr=\count283
\c@workm@mctr=\count284
\c@sheetsequence=\count285
\c@lastsheet=\count286
\c@lastpage=\count287
(/usr/share/texlive/texmf-dist/tex/latex/textcase/textcase.sty
Package: textcase 2019/09/14 v1.00 Text only upper/lower case changing (DPC)
)
\c@figure=\count288
\c@lofdepth=\count289
\cftbeforefigureskip=\skip185
\cftfigureindent=\skip186
\cftfigurenumwidth=\skip187
\c@table=\count290
\c@lotdepth=\count291
\cftbeforetableskip=\skip188
\cfttableindent=\skip189
\cfttablenumwidth=\skip190
Package abstract [2008/07/23] emulated by memoir.
Package appendix [2008/07/23] emulated by memoir.
Package booktabs [2016/05/16] emulated by memoir.
Package ccaption [2008/07/23] emulated by memoir.
Package changepage [2008/07/23] emulated by memoir.
Package chngcntr [2008/07/23] emulated by memoir.
Package chngpage [2008/07/23] emulated by memoir.
Package crop emulated by memoir.
Package enumerate [2008/07/23] emulated by memoir.
Package epigraph [2008/07/23] emulated by memoir.
Package ifmtarg [2008/07/23] emulated by memoir.
Package index [2008/07/23] emulated by memoir.
Package makeidx [2008/07/23] emulated by memoir.
Package moreverb [2008/07/23] emulated by memoir.
Package mparhack [2008/07/23] emulated by memoir.
Package needspace [2008/07/23] emulated by memoir.
Package newfile [2008/07/23] emulated by memoir.
Package nextpage [2008/07/23] emulated by memoir.
Package pagenote [2008/07/23] emulated by memoir.
Package parskip [2008/07/23] emulated by memoir.
Package patchcmd [2008/07/23] emulated by memoir.
Package setspace [2008/07/23] emulated by memoir.
Package shortvrb [2008/07/23] emulated by memoir.
Package showidx [2008/07/23] emulated by memoir.
Package titleref [2008/07/23] emulated by memoir.
Package titling [2008/07/23] emulated by memoir.
Package tocbibind [2008/07/23] emulated by memoir.
Package tocloft [2008/07/23] emulated by memoir.
Package tocvsec2 [2008/07/23] emulated by memoir.
Package verbatim [2008/07/23] emulated by memoir.
Package verse [2008/07/23] emulated by memoir.
) (/usr/share/texlive/texmf-dist/tex/generic/babel/babel.sty
Package: babel 2020/02/14 3.40 The Babel package
(/usr/share/texlive/texmf-dist/tex/generic/babel/switch.def
File: switch.def 2020/02/14 3.40 Babel switching mechanism
) (/usr/share/texlive/texmf-dist/tex/generic/babel-english/english.ldf
Language: english 2017/06/06 v3.3r English support from the babel system
(/usr/share/texlive/texmf-dist/tex/generic/babel/babel.def
File: babel.def 2020/02/14 3.40 Babel common definitions
\babel@savecnt=\count292
\U@D=\dimen180
(/usr/share/texlive/texmf-dist/tex/generic/babel/txtbabel.def)
\bbl@readstream=\read3
\bbl@dirlevel=\count293
)
Package babel Info: \l@canadian = using hyphenrules for english
(babel)             (\language0) on input line 102.
Package babel Info: \l@australian = using hyphenrules for ukenglish
(babel)             (\language24) on input line 105.
Package babel Info: \l@newzealand = using hyphenrules for ukenglish
(babel)             (\language24) on input line 108.
) (/usr/share/texlive/texmf-dist/tex/generic/babel-dutch/dutch.ldf
Language: dutch 2005/03/30 v3.8i Dutch support from the babel system
Package babel Info: Making " an active character on input line 132.
)) (/usr/share/texlive/texmf-dist/tex/latex/graphics/graphicx.sty
Package: graphicx 2019/11/30 v1.2a Enhanced LaTeX Graphics (DPC,SPQR)
(/usr/share/texlive/texmf-dist/tex/latex/graphics/graphics.sty
Package: graphics 2019/11/30 v1.4a Standard LaTeX Graphics (DPC,SPQR)
(/usr/share/texlive/texmf-dist/tex/latex/graphics/trig.sty
Package: trig 2016/01/03 v1.10 sin cos tan (DPC)
) (/usr/share/texlive/texmf-dist/tex/latex/graphics-cfg/graphics.cfg
File: graphics.cfg 2016/06/04 v1.11 sample graphics configuration
)
Package graphics Info: Driver file: pdftex.def on input line 105.
(/usr/share/texlive/texmf-dist/tex/latex/graphics-def/pdftex.def
File: pdftex.def 2018/01/08 v1.0l Graphics/color driver for pdftex
))
\Gin@req@height=\dimen181
\Gin@req@width=\dimen182
) (/usr/share/texlive/texmf-dist/tex/latex/graphics/color.sty
Package: color 2019/11/23 v1.2a Standard LaTeX Color (DPC)
(/usr/share/texlive/texmf-dist/tex/latex/graphics-cfg/color.cfg
File: color.cfg 2016/01/02 v1.6 sample color configuration
)
Package color Info: Driver file: pdftex.def on input line 147.
) (/usr/share/texlive/texmf-dist/tex/latex/base/fontenc.sty
Package: fontenc 2020/02/11 v2.0o Standard LaTeX package
)) (/usr/share/texlive/texmf-dist/tex/latex/base/fontenc.sty
Package: fontenc 2020/02/11 v2.0o Standard LaTeX package
) (/usr/share/texmf/tex/latex/lm/lmodern.sty
Package: lmodern 2009/10/30 v1.6 Latin Modern Fonts
LaTeX Font Info:    Overwriting symbol font `operators' in version `normal'
(Font)                  OT1/cmr/m/n --> OT1/lmr/m/n on input line 22.
LaTeX Font Info:    Overwriting symbol font `letters' in version `normal'
(Font)                  OML/cmm/m/it --> OML/lmm/m/it on input line 23.
LaTeX Font Info:    Overwriting symbol font `symbols' in version `normal'
(Font)                  OMS/cmsy/m/n --> OMS/lmsy/m/n on input line 24.
LaTeX Font Info:    Overwriting symbol font `largesymbols' in version `normal'
(Font)                  OMX/cmex/m/n --> OMX/lmex/m/n on input line 25.
LaTeX Font Info:    Overwriting symbol font `operators' in version `bold'
(Font)                  OT1/cmr/bx/n --> OT1/lmr/bx/n on input line 26.
LaTeX Font Info:    Overwriting symbol font `letters' in version `bold'
(Font)                  OML/cmm/b/it --> OML/lmm/b/it on input line 27.
LaTeX Font Info:    Overwriting symbol font `symbols' in version `bold'
(Font)                  OMS/cmsy/b/n --> OMS/lmsy/b/n on input line 28.
LaTeX Font Info:    Overwriting symbol font `largesymbols' in version `bold'
(Font)                  OMX/cmex/m/n --> OMX/lmex/m/n on input line 29.
LaTeX Font Info:    Overwriting math alphabet `\mathbf' in version `normal'
(Font)                  OT1/cmr/bx/n --> OT1/lmr/bx/n on input line 31.
LaTeX Font Info:    Overwriting math alphabet `\mathsf' in version `normal'
(Font)                  OT1/cmss/m/n --> OT1/lmss/m/n on input line 32.
LaTeX Font Info:    Overwriting math alphabet `\mathit' in version `normal'
(Font)                  OT1/cmr/m/it --> OT1/lmr/m/it on input line 33.
LaTeX Font Info:    Overwriting math alphabet `\mathtt' in version `normal'
(Font)                  OT1/cmtt/m/n --> OT1/lmtt/m/n on input line 34.
LaTeX Font Info:    Overwriting math alphabet `\mathbf' in version `bold'
(Font)                  OT1/cmr/bx/n --> OT1/lmr/bx/n on input line 35.
LaTeX Font Info:    Overwriting math alphabet `\mathsf' in version `bold'
(Font)                  OT1/cmss/bx/n --> OT1/lmss/bx/n on input line 36.
LaTeX Font Info:    Overwriting math alphabet `\mathit' in version `bold'
(Font)                  OT1/cmr/bx/it --> OT1/lmr/bx/it on input line 37.
LaTeX Font Info:    Overwriting math alphabet `\mathtt' in version `bold'
(Font)                  OT1/cmtt/m/n --> OT1/lmtt/m/n on input line 38.
) (/usr/share/texlive/texmf-dist/tex/latex/microtype/microtype.sty
Package: microtype 2019/11/18 v2.7d Micro-typographical refinements (RS)
\MT@toks=\toks25
\MT@count=\count294
LaTeX Info: Redefining \textls on input line 790.
\MT@outer@kern=\dimen183
LaTeX Info: Redefining \textmicrotypecontext on input line 1354.
\MT@listname@count=\count295
(/usr/share/texlive/texmf-dist/tex/latex/microtype/microtype-pdftex.def
File: microtype-pdftex.def 2019/11/18 v2.7d Definitions specific to pdftex (RS)

LaTeX Info: Redefining \lsstyle on input line 914.
LaTeX Info: Redefining \lslig on input line 914.
\MT@outer@space=\skip191
)
Package microtype Info: Loading configuration file microtype.cfg.
(/usr/share/texlive/texmf-dist/tex/latex/microtype/microtype.cfg
File: microtype.cfg 2019/11/18 v2.7d microtype main configuration file (RS)
)) (/usr/share/texlive/texmf-dist/tex/latex/amsmath/amsmath.sty
Package: amsmath 2020/01/20 v2.17e AMS math features
\@mathmargin=\skip192
For additional information on amsmath, use the `?' option.
(/usr/share/texlive/texmf-dist/tex/latex/amsmath/amstext.sty
Package: amstext 2000/06/29 v2.01 AMS text
(/usr/share/texlive/texmf-dist/tex/latex/amsmath/amsgen.sty
File: amsgen.sty 1999/11/30 v2.0 generic functions
\@emptytoks=\toks26
\ex@=\dimen184
)) (/usr/share/texlive/texmf-dist/tex/latex/amsmath/amsbsy.sty
Package: amsbsy 1999/11/29 v1.2d Bold Symbols
\pmbraise@=\dimen185
) (/usr/share/texlive/texmf-dist/tex/latex/amsmath/amsopn.sty
Package: amsopn 2016/03/08 v2.02 operator names
)
\inf@bad=\count296
LaTeX Info: Redefining \frac on input line 227.
\uproot@=\count297
\leftroot@=\count298
LaTeX Info: Redefining \overline on input line 389.
\classnum@=\count299
\DOTSCASE@=\count300
LaTeX Info: Redefining \ldots on input line 486.
LaTeX Info: Redefining \dots on input line 489.
LaTeX Info: Redefining \cdots on input line 610.
\Mathstrutbox@=\box50
\strutbox@=\box51
\big@size=\dimen186
LaTeX Font Info:    Redeclaring font encoding OML on input line 733.
LaTeX Font Info:    Redeclaring font encoding OMS on input line 734.
\macc@depth=\count301
\c@MaxMatrixCols=\count302
\dotsspace@=\muskip16
\c@parentequation=\count303
\dspbrk@lvl=\count304
\tag@help=\toks27
\row@=\count305
\column@=\count306
\maxfields@=\count307
\andhelp@=\toks28
\eqnshift@=\dimen187
\alignsep@=\dimen188
\tagshift@=\dimen189
\tagwidth@=\dimen190
\totwidth@=\dimen191
\lineht@=\dimen192
\@envbody=\toks29
\multlinegap=\skip193
\multlinetaggap=\skip194
\mathdisplay@stack=\toks30
LaTeX Info: Redefining \[ on input line 2859.
LaTeX Info: Redefining \] on input line 2860.
) (/usr/share/texlive/texmf-dist/tex/latex/amsfonts/amsfonts.sty
Package: amsfonts 2013/01/14 v3.01 Basic AMSFonts support
\symAMSa=\mathgroup4
\symAMSb=\mathgroup5
LaTeX Font Info:    Redeclaring math symbol \hbar on input line 98.
LaTeX Font Info:    Overwriting math alphabet `\mathfrak' in version `bold'
(Font)                  U/euf/m/n --> U/euf/b/n on input line 106.
) (/usr/share/texlive/texmf-dist/tex/latex/amsfonts/amssymb.sty
Package: amssymb 2013/01/14 v3.01 AMS font symbols
) (/usr/share/texlive/texmf-dist/tex/latex/pgf/frontendlayer/tikz.sty (/usr/sha
re/texlive/texmf-dist/tex/latex/pgf/basiclayer/pgf.sty (/usr/share/texlive/texm
f-dist/tex/latex/pgf/utilities/pgfrcs.sty (/usr/share/texlive/texmf-dist/tex/ge
neric/pgf/utilities/pgfutil-common.tex
\pgfutil@everybye=\toks31
\pgfutil@tempdima=\dimen193
\pgfutil@tempdimb=\dimen194

(/usr/share/texlive/texmf-dist/tex/generic/pgf/utilities/pgfutil-common-lists.t
ex)) (/usr/share/texlive/texmf-dist/tex/generic/pgf/utilities/pgfutil-latex.def
\pgfutil@abb=\box52
(/usr/share/texlive/texmf-dist/tex/latex/ms/everyshi.sty
Package: everyshi 2001/05/15 v3.00 EveryShipout Package (MS)
)) (/usr/share/texlive/texmf-dist/tex/generic/pgf/utilities/pgfrcs.code.tex (/u
sr/share/texlive/texmf-dist/tex/generic/pgf/pgf.revision.tex)
Package: pgfrcs 2020/01/08 v3.1.5b (3.1.5b)
))
Package: pgf 2020/01/08 v3.1.5b (3.1.5b)
(/usr/share/texlive/texmf-dist/tex/latex/pgf/basiclayer/pgfcore.sty (/usr/share
/texlive/texmf-dist/tex/latex/pgf/systemlayer/pgfsys.sty (/usr/share/texlive/te
xmf-dist/tex/generic/pgf/systemlayer/pgfsys.code.tex
Package: pgfsys 2020/01/08 v3.1.5b (3.1.5b)
(/usr/share/texlive/texmf-dist/tex/generic/pgf/utilities/pgfkeys.code.tex
\pgfkeys@pathtoks=\toks32
\pgfkeys@temptoks=\toks33

(/usr/share/texlive/texmf-dist/tex/generic/pgf/utilities/pgfkeysfiltered.code.t
ex
\pgfkeys@tmptoks=\toks34
))
\pgf@x=\dimen195
\pgf@y=\dimen196
\pgf@xa=\dimen197
\pgf@ya=\dimen198
\pgf@xb=\dimen199
\pgf@yb=\dimen256
\pgf@xc=\dimen257
\pgf@yc=\dimen258
\pgf@xd=\dimen259
\pgf@yd=\dimen260
\w@pgf@writea=\write4
\r@pgf@reada=\read4
\c@pgf@counta=\count308
\c@pgf@countb=\count309
\c@pgf@countc=\count310
\c@pgf@countd=\count311
\t@pgf@toka=\toks35
\t@pgf@tokb=\toks36
\t@pgf@tokc=\toks37
\pgf@sys@id@count=\count312
(/usr/share/texlive/texmf-dist/tex/generic/pgf/systemlayer/pgf.cfg
File: pgf.cfg 2020/01/08 v3.1.5b (3.1.5b)
)
Driver file for pgf: pgfsys-pdftex.def
(/usr/share/texlive/texmf-dist/tex/generic/pgf/systemlayer/pgfsys-pdftex.def
File: pgfsys-pdftex.def 2020/01/08 v3.1.5b (3.1.5b)

(/usr/share/texlive/texmf-dist/tex/generic/pgf/systemlayer/pgfsys-common-pdf.de
f
File: pgfsys-common-pdf.def 2020/01/08 v3.1.5b (3.1.5b)
)))
(/usr/share/texlive/texmf-dist/tex/generic/pgf/systemlayer/pgfsyssoftpath.code.
tex
File: pgfsyssoftpath.code.tex 2020/01/08 v3.1.5b (3.1.5b)
\pgfsyssoftpath@smallbuffer@items=\count313
\pgfsyssoftpath@bigbuffer@items=\count314
)
(/usr/share/texlive/texmf-dist/tex/generic/pgf/systemlayer/pgfsysprotocol.code.
tex
File: pgfsysprotocol.code.tex 2020/01/08 v3.1.5b (3.1.5b)
)) (/usr/share/texlive/texmf-dist/tex/latex/xcolor/xcolor.sty
Package: xcolor 2016/05/11 v2.12 LaTeX color extensions (UK)
(/usr/share/texlive/texmf-dist/tex/latex/graphics-cfg/color.cfg
File: color.cfg 2016/01/02 v1.6 sample color configuration
)
Package xcolor Info: Driver file: pdftex.def on input line 225.
LaTeX Info: Redefining \color on input line 709.
Package xcolor Info: Model `cmy' substituted by `cmy0' on input line 1348.
Package xcolor Info: Model `hsb' substituted by `rgb' on input line 1352.
Package xcolor Info: Model `RGB' extended on input line 1364.
Package xcolor Info: Model `HTML' substituted by `rgb' on input line 1366.
Package xcolor Info: Model `Hsb' substituted by `hsb' on input line 1367.
Package xcolor Info: Model `tHsb' substituted by `hsb' on input line 1368.
Package xcolor Info: Model `HSB' substituted by `hsb' on input line 1369.
Package xcolor Info: Model `Gray' substituted by `gray' on input line 1370.
Package xcolor Info: Model `wave' substituted by `hsb' on input line 1371.
) (/usr/share/texlive/texmf-dist/tex/generic/pgf/basiclayer/pgfcore.code.tex
Package: pgfcore 2020/01/08 v3.1.5b (3.1.5b)
(/usr/share/texlive/texmf-dist/tex/generic/pgf/math/pgfmath.code.tex (/usr/shar
e/texlive/texmf-dist/tex/generic/pgf/math/pgfmathcalc.code.tex (/usr/share/texl
ive/texmf-dist/tex/generic/pgf/math/pgfmathutil.code.tex) (/usr/share/texlive/t
exmf-dist/tex/generic/pgf/math/pgfmathparser.code.tex
\pgfmath@dimen=\dimen261
\pgfmath@count=\count315
\pgfmath@box=\box53
\pgfmath@toks=\toks38
\pgfmath@stack@operand=\toks39
\pgfmath@stack@operation=\toks40
) (/usr/share/texlive/texmf-dist/tex/generic/pgf/math/pgfmathfunctions.code.tex

(/usr/share/texlive/texmf-dist/tex/generic/pgf/math/pgfmathfunctions.basic.code
.tex)
(/usr/share/texlive/texmf-dist/tex/generic/pgf/math/pgfmathfunctions.trigonomet
ric.code.tex)
(/usr/share/texlive/texmf-dist/tex/generic/pgf/math/pgfmathfunctions.random.cod
e.tex)
(/usr/share/texlive/texmf-dist/tex/generic/pgf/math/pgfmathfunctions.comparison
.code.tex)
(/usr/share/texlive/texmf-dist/tex/generic/pgf/math/pgfmathfunctions.base.code.
tex)
(/usr/share/texlive/texmf-dist/tex/generic/pgf/math/pgfmathfunctions.round.code
.tex)
(/usr/share/texlive/texmf-dist/tex/generic/pgf/math/pgfmathfunctions.misc.code.
tex)
(/usr/share/texlive/texmf-dist/tex/generic/pgf/math/pgfmathfunctions.integerari
thmetics.code.tex))) (/usr/share/texlive/texmf-dist/tex/generic/pgf/math/pgfmat
hfloat.code.tex
\c@pgfmathroundto@lastzeros=\count316
)) (/usr/share/texlive/texmf-dist/tex/generic/pgf/math/pgfint.code.tex)
(/usr/share/texlive/texmf-dist/tex/generic/pgf/basiclayer/pgfcorepoints.code.te
x
File: pgfcorepoints.code.tex 2020/01/08 v3.1.5b (3.1.5b)
\pgf@picminx=\dimen262
\pgf@picmaxx=\dimen263
\pgf@picminy=\dimen264
\pgf@picmaxy=\dimen265
\pgf@pathminx=\dimen266
\pgf@pathmaxx=\dimen267
\pgf@pathminy=\dimen268
\pgf@pathmaxy=\dimen269
\pgf@xx=\dimen270
\pgf@xy=\dimen271
\pgf@yx=\dimen272
\pgf@yy=\dimen273
\pgf@zx=\dimen274
\pgf@zy=\dimen275
)
(/usr/share/texlive/texmf-dist/tex/generic/pgf/basiclayer/pgfcorepathconstruct.
code.tex
File: pgfcorepathconstruct.code.tex 2020/01/08 v3.1.5b (3.1.5b)
\pgf@path@lastx=\dimen276
\pgf@path@lasty=\dimen277
)
(/usr/share/texlive/texmf-dist/tex/generic/pgf/basiclayer/pgfcorepathusage.code
.tex
File: pgfcorepathusage.code.tex 2020/01/08 v3.1.5b (3.1.5b)
\pgf@shorten@end@additional=\dimen278
\pgf@shorten@start@additional=\dimen279
)
(/usr/share/texlive/texmf-dist/tex/generic/pgf/basiclayer/pgfcorescopes.code.te
x
File: pgfcorescopes.code.tex 2020/01/08 v3.1.5b (3.1.5b)
\pgfpic=\box54
\pgf@hbox=\box55
\pgf@layerbox@main=\box56
\pgf@picture@serial@count=\count317
)
(/usr/share/texlive/texmf-dist/tex/generic/pgf/basiclayer/pgfcoregraphicstate.c
ode.tex
File: pgfcoregraphicstate.code.tex 2020/01/08 v3.1.5b (3.1.5b)
\pgflinewidth=\dimen280
)
(/usr/share/texlive/texmf-dist/tex/generic/pgf/basiclayer/pgfcoretransformation
s.code.tex
File: pgfcoretransformations.code.tex 2020/01/08 v3.1.5b (3.1.5b)
\pgf@pt@x=\dimen281
\pgf@pt@y=\dimen282
\pgf@pt@temp=\dimen283
)
(/usr/share/texlive/texmf-dist/tex/generic/pgf/basiclayer/pgfcorequick.code.tex
File: pgfcorequick.code.tex 2020/01/08 v3.1.5b (3.1.5b)
)
(/usr/share/texlive/texmf-dist/tex/generic/pgf/basiclayer/pgfcoreobjects.code.t
ex
File: pgfcoreobjects.code.tex 2020/01/08 v3.1.5b (3.1.5b)
)
(/usr/share/texlive/texmf-dist/tex/generic/pgf/basiclayer/pgfcorepathprocessing
.code.tex
File: pgfcorepathprocessing.code.tex 2020/01/08 v3.1.5b (3.1.5b)
)
(/usr/share/texlive/texmf-dist/tex/generic/pgf/basiclayer/pgfcorearrows.code.te
x
File: pgfcorearrows.code.tex 2020/01/08 v3.1.5b (3.1.5b)
\pgfarrowsep=\dimen284
)
(/usr/share/texlive/texmf-dist/tex/generic/pgf/basiclayer/pgfcoreshade.code.tex
File: pgfcoreshade.code.tex 2020/01/08 v3.1.5b (3.1.5b)
\pgf@max=\dimen285
\pgf@sys@shading@range@num=\count318
\pgf@shadingcount=\count319
)
(/usr/share/texlive/texmf-dist/tex/generic/pgf/basiclayer/pgfcoreimage.code.tex
File: pgfcoreimage.code.tex 2020/01/08 v3.1.5b (3.1.5b)

(/usr/share/texlive/texmf-dist/tex/generic/pgf/basiclayer/pgfcoreexternal.code.
tex
File: pgfcoreexternal.code.tex 2020/01/08 v3.1.5b (3.1.5b)
\pgfexternal@startupbox=\box57
))
(/usr/share/texlive/texmf-dist/tex/generic/pgf/basiclayer/pgfcorelayers.code.te
x
File: pgfcorelayers.code.tex 2020/01/08 v3.1.5b (3.1.5b)
)
(/usr/share/texlive/texmf-dist/tex/generic/pgf/basiclayer/pgfcoretransparency.c
ode.tex
File: pgfcoretransparency.code.tex 2020/01/08 v3.1.5b (3.1.5b)
)
(/usr/share/texlive/texmf-dist/tex/generic/pgf/basiclayer/pgfcorepatterns.code.
tex
File: pgfcorepatterns.code.tex 2020/01/08 v3.1.5b (3.1.5b)
) (/usr/share/texlive/texmf-dist/tex/generic/pgf/basiclayer/pgfcorerdf.code.tex
File: pgfcorerdf.code.tex 2020/01/08 v3.1.5b (3.1.5b)
)))
(/usr/share/texlive/texmf-dist/tex/generic/pgf/modules/pgfmoduleshapes.code.tex
File: pgfmoduleshapes.code.tex 2020/01/08 v3.1.5b (3.1.5b)
\pgfnodeparttextbox=\box58
) (/usr/share/texlive/texmf-dist/tex/generic/pgf/modules/pgfmoduleplot.code.tex
File: pgfmoduleplot.code.tex 2020/01/08 v3.1.5b (3.1.5b)
)
(/usr/share/texlive/texmf-dist/tex/latex/pgf/compatibility/pgfcomp-version-0-65
.sty
Package: pgfcomp-version-0-65 2020/01/08 v3.1.5b (3.1.5b)
\pgf@nodesepstart=\dimen286
\pgf@nodesepend=\dimen287
)
(/usr/share/texlive/texmf-dist/tex/latex/pgf/compatibility/pgfcomp-version-1-18
.sty
Package: pgfcomp-version-1-18 2020/01/08 v3.1.5b (3.1.5b)
)) (/usr/share/texlive/texmf-dist/tex/latex/pgf/utilities/pgffor.sty (/usr/shar
e/texlive/texmf-dist/tex/latex/pgf/utilities/pgfkeys.sty (/usr/share/texlive/te
xmf-dist/tex/generic/pgf/utilities/pgfkeys.code.tex)) (/usr/share/texlive/texmf
-dist/tex/latex/pgf/math/pgfmath.sty (/usr/share/texlive/texmf-dist/tex/generic
/pgf/math/pgfmath.code.tex)) (/usr/share/texlive/texmf-dist/tex/generic/pgf/uti
lities/pgffor.code.tex
Package: pgffor 2020/01/08 v3.1.5b (3.1.5b)
(/usr/share/texlive/texmf-dist/tex/generic/pgf/math/pgfmath.code.tex)
\pgffor@iter=\dimen288
\pgffor@skip=\dimen289
\pgffor@stack=\toks41
\pgffor@toks=\toks42
))
(/usr/share/texlive/texmf-dist/tex/generic/pgf/frontendlayer/tikz/tikz.code.tex
Package: tikz 2020/01/08 v3.1.5b (3.1.5b)

(/usr/share/texlive/texmf-dist/tex/generic/pgf/libraries/pgflibraryplothandlers
.code.tex
File: pgflibraryplothandlers.code.tex 2020/01/08 v3.1.5b (3.1.5b)
\pgf@plot@mark@count=\count320
\pgfplotmarksize=\dimen290
)
\tikz@lastx=\dimen291
\tikz@lasty=\dimen292
\tikz@lastxsaved=\dimen293
\tikz@lastysaved=\dimen294
\tikz@lastmovetox=\dimen295
\tikz@lastmovetoy=\dimen296
\tikzleveldistance=\dimen297
\tikzsiblingdistance=\dimen298
\tikz@figbox=\box59
\tikz@figbox@bg=\box60
\tikz@tempbox=\box61
\tikz@tempbox@bg=\box62
\tikztreelevel=\count321
\tikznumberofchildren=\count322
\tikznumberofcurrentchild=\count323
\tikz@fig@count=\count324

(/usr/share/texlive/texmf-dist/tex/generic/pgf/modules/pgfmodulematrix.code.tex
File: pgfmodulematrix.code.tex 2020/01/08 v3.1.5b (3.1.5b)
\pgfmatrixcurrentrow=\count325
\pgfmatrixcurrentcolumn=\count326
\pgf@matrix@numberofcolumns=\count327
)
\tikz@expandcount=\count328

(/usr/share/texlive/texmf-dist/tex/generic/pgf/frontendlayer/tikz/libraries/tik
zlibrarytopaths.code.tex
File: tikzlibrarytopaths.code.tex 2020/01/08 v3.1.5b (3.1.5b)
))) (/usr/share/texlive/texmf-dist/tex/latex/fancyvrb/fancyvrb.sty
Package: fancyvrb 2020/01/13 v3.5 verbatim text (tvz,hv)
\FV@CodeLineNo=\count329
\FV@InFile=\read5
\FV@TabBox=\box63
\c@FancyVerbLine=\count330
\FV@StepNumber=\count331
\FV@OutFile=\write5
) (/usr/share/texlive/texmf-dist/tex/latex/cancel/cancel.sty
Package: cancel 2013/04/12 v2.2 Cancel math terms
) (/usr/share/texlive/texmf-dist/tex/latex/subfig/subfig.sty
Package: subfig 2005/06/28 ver: 1.3 subfig package

Class memoir Warning: For the caption package to function properly with memoir,
 we will now reset\caption and friends to kernel defaults and then let the capt
ion package take over. Remember: all caption configuration now goves via the ca
ption package interface, not the interface from the memoir class. .

(/usr/share/texlive/texmf-dist/tex/latex/caption/caption.sty
Package: caption 2020/01/03 v3.4h Customizing captions (AR)
(/usr/share/texlive/texmf-dist/tex/latex/caption/caption3.sty
Package: caption3 2020/01/03 v1.8h caption3 kernel (AR)
Package caption3 Info: TeX engine: e-TeX on input line 61.
\captionmargin=\dimen299
\captionmargin@=\dimen300
\captionwidth=\dimen301
\caption@tempdima=\dimen302
\caption@indent=\dimen303
\caption@parindent=\dimen304
\caption@hangindent=\dimen305
Package caption Info: memoir document class detected.
)
\c@caption@flags=\count332
\c@continuedfloat=\count333
)
\c@KVtest=\count334
\sf@farskip=\skip195
\sf@captopadj=\dimen306
\sf@capskip=\skip196
\sf@nearskip=\skip197
\c@subfigure=\count335
\c@subfigure@save=\count336
\c@subtable=\count337
\c@subtable@save=\count338
\sf@top=\skip198
\sf@bottom=\skip199
) (/usr/share/texlive/texmf-dist/tex/latex/standalone/standalone.sty
Package: standalone 2018/03/26 v1.3a Package to include TeX sub-files with prea
mbles
(/usr/share/texlive/texmf-dist/tex/latex/tools/shellesc.sty
Package: shellesc 2019/11/08 v1.0c unified shell escape interface for LaTeX
Package shellesc Info: Restricted shell escape enabled on input line 77.
) (/usr/share/texlive/texmf-dist/tex/latex/xkeyval/xkeyval.sty
Package: xkeyval 2014/12/03 v2.7a package option processing (HA)
(/usr/share/texlive/texmf-dist/tex/generic/xkeyval/xkeyval.tex (/usr/share/texl
ive/texmf-dist/tex/generic/xkeyval/xkvutils.tex
\XKV@toks=\toks43
\XKV@tempa@toks=\toks44
)
\XKV@depth=\count339
File: xkeyval.tex 2014/12/03 v2.7a key=value parser (HA)
)) (/usr/share/texlive/texmf-dist/tex/latex/currfile/currfile.sty
Package: currfile 2015/04/23 v0.7c Provides the file path elements of the curre
nt input file
(/usr/share/texlive/texmf-dist/tex/latex/kvoptions/kvoptions.sty
Package: kvoptions 2019/11/29 v3.13 Key value format for package options (HO)
(/usr/share/texlive/texmf-dist/tex/generic/ltxcmds/ltxcmds.sty
Package: ltxcmds 2019/12/15 v1.24 LaTeX kernel commands for general use (HO)
) (/usr/share/texlive/texmf-dist/tex/generic/kvsetkeys/kvsetkeys.sty
Package: kvsetkeys 2019/12/15 v1.18 Key value parser (HO)
)) (/usr/share/texlive/texmf-dist/tex/latex/filehook/filehook.sty
Package: filehook 2020/02/03 v0.7 Hooks for input files
(/usr/share/texlive/texmf-dist/tex/latex/filehook/filehook-memoir.sty
Package: filehook-memoir 2020/02/02 v0.2 filehook patch for memoir class
Package filehook Info: Detected 'memoir' class: the memoir hooks will be moved 
to the `At...OfFiles' hooks on input line 59.
))
\c@currfiledepth=\count340
) (/usr/share/texlive/texmf-dist/tex/latex/gincltex/gincltex.sty (/usr/share/te
xlive/texmf-dist/tex/latex/svn-prov/svn-prov.sty
Package: svn-prov 2010/04/24 v3.1862 Package Date/Version from SVN Keywords
)
Package: gincltex 2011/09/04 v0.3 Include external LaTeX files like graphics
(/usr/share/texlive/texmf-dist/tex/latex/adjustbox/adjustbox.sty
Package: adjustbox 2019/01/04 v1.2 Adjusting TeX boxes (trim, clip, ...)
(/usr/share/texlive/texmf-dist/tex/latex/adjustbox/adjcalc.sty
Package: adjcalc 2012/05/16 v1.1 Provides advanced setlength with multiple back
-ends (calc, etex, pgfmath)
) (/usr/share/texlive/texmf-dist/tex/latex/adjustbox/trimclip.sty
Package: trimclip 2018/04/08 v1.1 Trim and clip general TeX material
(/usr/share/texlive/texmf-dist/tex/latex/collectbox/collectbox.sty
Package: collectbox 2012/05/17 v0.4b Collect macro arguments as boxes
\collectedbox=\box64
)
\tc@llx=\dimen307
\tc@lly=\dimen308
\tc@urx=\dimen309
\tc@ury=\dimen310
Package trimclip Info: Using driver 'tc-pdftex.def'.
(/usr/share/texlive/texmf-dist/tex/latex/adjustbox/tc-pdftex.def
File: tc-pdftex.def 2019/01/04 v2.2 Clipping driver for pdftex
))
\adjbox@Width=\dimen311
\adjbox@Height=\dimen312
\adjbox@Depth=\dimen313
\adjbox@Totalheight=\dimen314
\adjbox@pwidth=\dimen315
\adjbox@pheight=\dimen316
\adjbox@pdepth=\dimen317
\adjbox@ptotalheight=\dimen318
(/usr/share/texlive/texmf-dist/tex/latex/ifoddpage/ifoddpage.sty
Package: ifoddpage 2016/04/23 v1.1 Conditionals for odd/even page detection
\c@checkoddpage=\count341
LaTeX Info: Redefining \checkoddpage on input line 45.
) (/usr/share/texlive/texmf-dist/tex/latex/varwidth/varwidth.sty
Package: varwidth 2009/03/30 ver 0.92;  Variable-width minipages
\@vwid@box=\box65
\sift@deathcycles=\count342
\@vwid@loff=\dimen319
\@vwid@roff=\dimen320
))
\gincltex@box=\box66
) (/usr/share/texlive/texmf-dist/tex/latex/filemod/filemod-expmin.sty
Package: filemod-expmin 2011/09/19 v1.2 Get and compare file modification times
 (expandable; minimal)
)) (/usr/share/texlive/texmf-dist/tex/latex/todonotes/todonotes.sty
Package: todonotes 2019/01/24 v1.1.2 Todonotes source and documentation.
Package: todonotes 2018/11/22
(/usr/share/texlive/texmf-dist/tex/latex/base/ifthen.sty
Package: ifthen 2014/09/29 v1.1c Standard LaTeX ifthen package (DPC)
)
(/usr/share/texlive/texmf-dist/tex/generic/pgf/frontendlayer/tikz/libraries/tik
zlibrarypositioning.code.tex
File: tikzlibrarypositioning.code.tex 2020/01/08 v3.1.5b (3.1.5b)
)
(/usr/share/texlive/texmf-dist/tex/generic/pgf/frontendlayer/tikz/libraries/tik
zlibraryshadows.code.tex
File: tikzlibraryshadows.code.tex 2020/01/08 v3.1.5b (3.1.5b)

(/usr/share/texlive/texmf-dist/tex/generic/pgf/frontendlayer/tikz/libraries/tik
zlibraryfadings.code.tex
File: tikzlibraryfadings.code.tex 2020/01/08 v3.1.5b (3.1.5b)

(/usr/share/texlive/texmf-dist/tex/generic/pgf/libraries/pgflibraryfadings.code
.tex
File: pgflibraryfadings.code.tex 2020/01/08 v3.1.5b (3.1.5b)
))) (/usr/share/texlive/texmf-dist/tex/latex/tools/calc.sty
Package: calc 2017/05/25 v4.3 Infix arithmetic (KKT,FJ)
\calc@Acount=\count343
\calc@Bcount=\count344
\calc@Adimen=\dimen321
\calc@Bdimen=\dimen322
\calc@Askip=\skip256
\calc@Bskip=\skip257
LaTeX Info: Redefining \setlength on input line 80.
LaTeX Info: Redefining \addtolength on input line 81.
\calc@Ccount=\count345
\calc@Cskip=\skip258
)
\c@@todonotes@numberoftodonotes=\count346
) (/usr/share/texlive/texmf-dist/tex/latex/algorithm2e/algorithm2e.sty
Package: algorithm2e 2017/07/18 v5.2 algorithms environments
\c@AlgoLine=\count347
\algocf@hangindent=\skip259
(/usr/share/texlive/texmf-dist/tex/latex/tools/xspace.sty
Package: xspace 2014/10/28 v1.13 Space after command names (DPC,MH)
) (/usr/share/texlive/texmf-dist/tex/latex/relsize/relsize.sty
Package: relsize 2013/03/29 ver 4.1
)
\skiptotal=\skip260
\skiplinenumber=\skip261
\skiprule=\skip262
\skiphlne=\skip263
\skiptext=\skip264
\skiplength=\skip265
\algomargin=\skip266
\skipalgocfslide=\skip267
\algowidth=\dimen323
\inoutsize=\dimen324
\inoutindent=\dimen325
\interspacetitleruled=\dimen326
\interspacealgoruled=\dimen327
\interspacetitleboxruled=\dimen328
\algocf@ruledwidth=\skip268
\algocf@inoutbox=\box67
\algocf@inputbox=\box68
\AlCapSkip=\skip269
\AlCapHSkip=\skip270
\algoskipindent=\skip271
\algocf@nlbox=\box69
\algocf@hangingbox=\box70
\algocf@untilbox=\box71
\algocf@skipuntil=\skip272
\algocf@capbox=\box72
\algocf@lcaptionbox=\skip273
\algoheightruledefault=\skip274
\algoheightrule=\skip275
\algotitleheightruledefault=\skip276
\algotitleheightrule=\skip277
\c@algocfline=\count348
\c@algocfproc=\count349
\c@algocf=\count350
\algocf@algoframe=\box73
\algocf@algobox=\box74
) (/usr/share/texlive/texmf-dist/tex/latex/algorithmicx/algpseudocode.sty
Package: algpseudocode 
(/usr/share/texlive/texmf-dist/tex/latex/algorithmicx/algorithmicx.sty
Package: algorithmicx 2005/04/27 v1.2 Algorithmicx
Document Style algorithmicx 1.2 - a greatly improved `algorithmic' style
\c@ALG@line=\count351
\c@ALG@rem=\count352
\c@ALG@nested=\count353
\ALG@tlm=\skip278
\ALG@thistlm=\skip279
\c@ALG@Lnr=\count354
\c@ALG@blocknr=\count355
\c@ALG@storecount=\count356
\c@ALG@tmpcounter=\count357
\ALG@tmplength=\skip280
)
Document Style - pseudocode environments for use with the `algorithmicx' style
) (/usr/share/texlive/texmf-dist/tex/latex/mdframed/mdframed.sty
Package: mdframed 2013/07/01 1.9b: mdframed
(/usr/share/texlive/texmf-dist/tex/latex/l3packages/xparse/xparse.sty (/usr/sha
re/texlive/texmf-dist/tex/latex/l3kernel/expl3.sty
Package: expl3 2020-02-14 L3 programming layer (loader) 
(/usr/share/texlive/texmf-dist/tex/latex/l3backend/l3backend-pdfmode.def
File: l3backend-pdfmode.def 2020-02-03 L3 backend support: PDF mode
\l__kernel_color_stack_int=\count358
\l__pdf_internal_box=\box75
))
Package: xparse 2020-02-14 L3 Experimental document command parser
\l__xparse_current_arg_int=\count359
\g__xparse_grabber_int=\count360
\l__xparse_m_args_int=\count361
\l__xparse_v_nesting_int=\count362
) (/usr/share/texlive/texmf-dist/tex/latex/etoolbox/etoolbox.sty
Package: etoolbox 2019/09/21 v2.5h e-TeX tools for LaTeX (JAW)
\etb@tempcnta=\count363
) (/usr/share/texlive/texmf-dist/tex/latex/zref/zref-abspage.sty
Package: zref-abspage 2019/11/29 v2.28 Module abspage for zref (HO)
(/usr/share/texlive/texmf-dist/tex/latex/zref/zref-base.sty
Package: zref-base 2019/11/29 v2.28 Module base for zref (HO)
(/usr/share/texlive/texmf-dist/tex/generic/infwarerr/infwarerr.sty
Package: infwarerr 2019/12/03 v1.5 Providing info/warning/error messages (HO)
) (/usr/share/texlive/texmf-dist/tex/generic/kvdefinekeys/kvdefinekeys.sty
Package: kvdefinekeys 2019-12-19 v1.6 Define keys (HO)
) (/usr/share/texlive/texmf-dist/tex/latex/pdftexcmds/pdftexcmds.sty
Package: pdftexcmds 2019/11/24 v0.31 Utility functions of pdfTeX for LuaTeX (HO
)
Package pdftexcmds Info: \pdf@primitive is available.
Package pdftexcmds Info: \pdf@ifprimitive is available.
Package pdftexcmds Info: \pdfdraftmode found.
) (/usr/share/texlive/texmf-dist/tex/generic/etexcmds/etexcmds.sty
Package: etexcmds 2019/12/15 v1.7 Avoid name clashes with e-TeX commands (HO)
) (/usr/share/texlive/texmf-dist/tex/latex/auxhook/auxhook.sty
Package: auxhook 2019-12-17 v1.6 Hooks for auxiliary files (HO)
)
Package zref Info: New property list: main on input line 763.
Package zref Info: New property: default on input line 764.
Package zref Info: New property: page on input line 765.
) (/usr/share/texlive/texmf-dist/tex/generic/atbegshi/atbegshi.sty
Package: atbegshi 2019/12/05 v1.19 At begin shipout hook (HO)
)
\c@abspage=\count364
Package zref Info: New property: abspage on input line 66.
)
\mdf@templength=\skip281
\c@mdf@globalstyle@cnt=\count365
\mdf@skipabove@length=\skip282
\mdf@skipbelow@length=\skip283
\mdf@leftmargin@length=\skip284
\mdf@rightmargin@length=\skip285
\mdf@innerleftmargin@length=\skip286
\mdf@innerrightmargin@length=\skip287
\mdf@innertopmargin@length=\skip288
\mdf@innerbottommargin@length=\skip289
\mdf@splittopskip@length=\skip290
\mdf@splitbottomskip@length=\skip291
\mdf@outermargin@length=\skip292
\mdf@innermargin@length=\skip293
\mdf@linewidth@length=\skip294
\mdf@innerlinewidth@length=\skip295
\mdf@middlelinewidth@length=\skip296
\mdf@outerlinewidth@length=\skip297
\mdf@roundcorner@length=\skip298
\mdf@footenotedistance@length=\skip299
\mdf@userdefinedwidth@length=\skip300
\mdf@needspace@length=\skip301
\mdf@frametitleaboveskip@length=\skip302
\mdf@frametitlebelowskip@length=\skip303
\mdf@frametitlerulewidth@length=\skip304
\mdf@frametitleleftmargin@length=\skip305
\mdf@frametitlerightmargin@length=\skip306
\mdf@shadowsize@length=\skip307
\mdf@extratopheight@length=\skip308
\mdf@subtitleabovelinewidth@length=\skip309
\mdf@subtitlebelowlinewidth@length=\skip310
\mdf@subtitleaboveskip@length=\skip311
\mdf@subtitlebelowskip@length=\skip312
\mdf@subtitleinneraboveskip@length=\skip313
\mdf@subtitleinnerbelowskip@length=\skip314
\mdf@subsubtitleabovelinewidth@length=\skip315
\mdf@subsubtitlebelowlinewidth@length=\skip316
\mdf@subsubtitleaboveskip@length=\skip317
\mdf@subsubtitlebelowskip@length=\skip318
\mdf@subsubtitleinneraboveskip@length=\skip319
\mdf@subsubtitleinnerbelowskip@length=\skip320
(/usr/share/texlive/texmf-dist/tex/latex/mdframed/md-frame-0.mdf
File: md-frame-0.mdf 2013/07/01\ 1.9b: md-frame-0
)
\mdf@frametitlebox=\box76
\mdf@footnotebox=\box77
\mdf@splitbox@one=\box78
\mdf@splitbox@two=\box79
\mdf@splitbox@save=\box80
\mdfsplitboxwidth=\skip321
\mdfsplitboxtotalwidth=\skip322
\mdfsplitboxheight=\skip323
\mdfsplitboxdepth=\skip324
\mdfsplitboxtotalheight=\skip325
\mdfframetitleboxwidth=\skip326
\mdfframetitleboxtotalwidth=\skip327
\mdfframetitleboxheight=\skip328
\mdfframetitleboxdepth=\skip329
\mdfframetitleboxtotalheight=\skip330
\mdffootnoteboxwidth=\skip331
\mdffootnoteboxtotalwidth=\skip332
\mdffootnoteboxheight=\skip333
\mdffootnoteboxdepth=\skip334
\mdffootnoteboxtotalheight=\skip335
\mdftotallinewidth=\skip336
\mdfboundingboxwidth=\skip337
\mdfboundingboxtotalwidth=\skip338
\mdfboundingboxheight=\skip339
\mdfboundingboxdepth=\skip340
\mdfboundingboxtotalheight=\skip341
\mdf@freevspace@length=\skip342
\mdf@horizontalwidthofbox@length=\skip343
\mdf@verticalmarginwhole@length=\skip344
\mdf@horizontalspaceofbox=\skip345
\mdfsubtitleheight=\skip346
\mdfsubsubtitleheight=\skip347
\c@mdfcountframes=\count366

****** mdframed patching \endmdf@trivlist

****** -- success******

\mdf@envdepth=\count367
\c@mdf@env@i=\count368
\c@mdf@env@ii=\count369
\c@mdf@zref@counter=\count370
Package zref Info: New property: mdf@pagevalue on input line 895.
) (/usr/share/texlive/texmf-dist/tex/latex/multirow/multirow.sty
Package: multirow 2019/05/31 v2.5 Span multiple rows of a table
\multirow@colwidth=\skip348
\multirow@cntb=\count371
\multirow@dima=\skip349
\bigstrutjot=\dimen329
) (/usr/share/texlive/texmf-dist/tex/latex/pgfplots/pgfplots.sty (/usr/share/te
xlive/texmf-dist/tex/generic/pgfplots/pgfplots.revision.tex)
Package: pgfplots 2018/03/28 v1.16 Data Visualization (1.16)
(/usr/share/texlive/texmf-dist/tex/generic/pgfplots/pgfplots.code.tex (/usr/sha
re/texlive/texmf-dist/tex/generic/pgfplots/pgfplotscore.code.tex
\t@pgfplots@toka=\toks45
\t@pgfplots@tokb=\toks46
\t@pgfplots@tokc=\toks47
\pgfplots@tmpa=\dimen330
\c@pgfplots@coordindex=\count372
\c@pgfplots@scanlineindex=\count373

(/usr/share/texlive/texmf-dist/tex/generic/pgfplots/sys/pgfplotssysgeneric.code
.tex))
(/usr/share/texlive/texmf-dist/tex/generic/pgfplots/libs/pgfplotslibrary.code.t
ex)
(/usr/share/texlive/texmf-dist/tex/generic/pgfplots/oldpgfcompatib/pgfplotsoldp
gfsupp_loader.code.tex
(/usr/share/texlive/texmf-dist/tex/generic/pgf/libraries/pgflibraryfpu.code.tex
)) (/usr/share/texlive/texmf-dist/tex/generic/pgfplots/util/pgfplotsutil.code.t
ex
(/usr/share/texlive/texmf-dist/tex/generic/pgfplots/liststructure/pgfplotslists
tructure.code.tex)
(/usr/share/texlive/texmf-dist/tex/generic/pgfplots/liststructure/pgfplotslists
tructureext.code.tex)
(/usr/share/texlive/texmf-dist/tex/generic/pgfplots/liststructure/pgfplotsarray
.code.tex
\c@pgfplotsarray@tmp=\count374
)
(/usr/share/texlive/texmf-dist/tex/generic/pgfplots/liststructure/pgfplotsmatri
x.code.tex)
(/usr/share/texlive/texmf-dist/tex/generic/pgfplots/numtable/pgfplotstableshare
d.code.tex
\c@pgfplotstable@counta=\count375
\t@pgfplotstable@a=\toks48
)
(/usr/share/texlive/texmf-dist/tex/generic/pgfplots/liststructure/pgfplotsdeque
.code.tex)
(/usr/share/texlive/texmf-dist/tex/generic/pgfplots/util/pgfplotsbinary.code.te
x
(/usr/share/texlive/texmf-dist/tex/generic/pgfplots/util/pgfplotsbinary.data.co
de.tex))
(/usr/share/texlive/texmf-dist/tex/generic/pgfplots/util/pgfplotsutil.verb.code
.tex)
(/usr/share/texlive/texmf-dist/tex/generic/pgfplots/libs/pgflibrarypgfplots.sur
fshading.code.tex
\c@pgfplotslibrarysurf@no=\count376

(/usr/share/texlive/texmf-dist/tex/generic/pgfplots/sys/pgflibrarypgfplots.surf
shading.pgfsys-pdftex.def)))
(/usr/share/texlive/texmf-dist/tex/generic/pgfplots/util/pgfplotscolormap.code.
tex
(/usr/share/texlive/texmf-dist/tex/generic/pgfplots/util/pgfplotscolor.code.tex
))
(/usr/share/texlive/texmf-dist/tex/generic/pgfplots/pgfplotsstackedplots.code.t
ex)
(/usr/share/texlive/texmf-dist/tex/generic/pgfplots/pgfplotsplothandlers.code.t
ex
(/usr/share/texlive/texmf-dist/tex/generic/pgfplots/pgfplotsmeshplothandler.cod
e.tex
(/usr/share/texlive/texmf-dist/tex/generic/pgfplots/pgfplotsmeshplotimage.code.
tex))) (/usr/share/texlive/texmf-dist/tex/generic/pgfplots/pgfplots.scaling.cod
e.tex)
(/usr/share/texlive/texmf-dist/tex/generic/pgfplots/pgfplotscoordprocessing.cod
e.tex)
(/usr/share/texlive/texmf-dist/tex/generic/pgfplots/pgfplots.errorbars.code.tex
) (/usr/share/texlive/texmf-dist/tex/generic/pgfplots/pgfplots.markers.code.tex
) (/usr/share/texlive/texmf-dist/tex/generic/pgfplots/pgfplotsticks.code.tex) (
/usr/share/texlive/texmf-dist/tex/generic/pgfplots/pgfplots.paths.code.tex)
(/usr/share/texlive/texmf-dist/tex/generic/pgf/frontendlayer/tikz/libraries/tik
zlibrarydecorations.code.tex
(/usr/share/texlive/texmf-dist/tex/generic/pgf/modules/pgfmoduledecorations.cod
e.tex
\pgfdecoratedcompleteddistance=\dimen331
\pgfdecoratedremainingdistance=\dimen332
\pgfdecoratedinputsegmentcompleteddistance=\dimen333
\pgfdecoratedinputsegmentremainingdistance=\dimen334
\pgf@decorate@distancetomove=\dimen335
\pgf@decorate@repeatstate=\count377
\pgfdecorationsegmentamplitude=\dimen336
\pgfdecorationsegmentlength=\dimen337
)
\tikz@lib@dec@box=\box81
)
(/usr/share/texlive/texmf-dist/tex/generic/pgf/frontendlayer/tikz/libraries/tik
zlibrarydecorations.pathmorphing.code.tex
(/usr/share/texlive/texmf-dist/tex/generic/pgf/libraries/decorations/pgflibrary
decorations.pathmorphing.code.tex))
(/usr/share/texlive/texmf-dist/tex/generic/pgf/frontendlayer/tikz/libraries/tik
zlibrarydecorations.pathreplacing.code.tex
(/usr/share/texlive/texmf-dist/tex/generic/pgf/libraries/decorations/pgflibrary
decorations.pathreplacing.code.tex))
\pgfplots@numplots=\count378
\pgfplots@xmin@reg=\dimen338
\pgfplots@xmax@reg=\dimen339
\pgfplots@ymin@reg=\dimen340
\pgfplots@ymax@reg=\dimen341
\pgfplots@zmin@reg=\dimen342
\pgfplots@zmax@reg=\dimen343
)
(/usr/share/texlive/texmf-dist/tex/generic/pgf/frontendlayer/tikz/libraries/tik
zlibraryplotmarks.code.tex
File: tikzlibraryplotmarks.code.tex 2020/01/08 v3.1.5b (3.1.5b)

(/usr/share/texlive/texmf-dist/tex/generic/pgf/libraries/pgflibraryplotmarks.co
de.tex
File: pgflibraryplotmarks.code.tex 2020/01/08 v3.1.5b (3.1.5b)
))) (/usr/share/texlive/texmf-dist/tex/latex/pgfplots/pgfplotstable.sty (/usr/s
hare/texlive/texmf-dist/tex/generic/pgfplots/pgfplots.revision.tex)
Package: pgfplotstable 2018/03/28 v1.16 Table typesetting and Pretty-printing (
1.16)

(/usr/share/texlive/texmf-dist/tex/generic/pgfplots/numtable/pgfplotstable.code
.tex
(/usr/share/texlive/texmf-dist/tex/generic/pgfplots/numtable/pgfplotstable.colt
ype.code.tex))) (/usr/share/texlive/texmf-dist/tex/latex/tools/theorem.sty
Package: theorem 2014/10/28 v2.2c Theorem extension package (FMi)
\theorem@style=\toks49
\theorem@bodyfont=\toks50
\theorempreskipamount=\skip350
\theorempostskipamount=\skip351
(/usr/share/texlive/texmf-dist/tex/latex/tools/thp.sty
File: thp.sty 2014/10/28 v2.2c Theorem extension package (FMi)
))
\c@definition=\count379
(/usr/share/texlive/texmf-dist/tex/latex/glossaries/base/glossaries.sty
Package: glossaries 2020/02/13 v4.45 (NLCT)
(/usr/share/texlive/texmf-dist/tex/latex/mfirstuc/mfirstuc.sty
Package: mfirstuc 2017/11/14 v2.06 (NLCT)
\@glsmfirst=\toks51
\@glsmrest=\toks52
) (/usr/share/texlive/texmf-dist/tex/latex/xfor/xfor.sty
Package: xfor 2009/02/05 v1.05 (NLCT)
) (/usr/share/texlive/texmf-dist/tex/latex/datatool/datatool-base.sty
Package: datatool-base 2019/09/27 v2.32 (NLCT)
(/usr/share/texlive/texmf-dist/tex/latex/substr/substr.sty
Package: substr 2009/10/20 v1.2 Handle substrings
\c@su@anzahl=\count380
) (/usr/share/texlive/texmf-dist/tex/latex/datatool/datatool-fp.sty
Package: datatool-fp 2019/09/27 v2.32 (NLCT)
(/usr/share/texlive/texmf-dist/tex/latex/fp/fp.sty
Package: fp 1995/04/02
`Fixed Point Package', Version 0.8, April 2, 1995 (C) Michael Mehlich (/usr/sha
re/texlive/texmf-dist/tex/latex/fp/defpattern.sty
Package: defpattern 1994/10/12
\actioncount=\count381
) (/usr/share/texlive/texmf-dist/tex/latex/fp/fp-basic.sty
Package: fp-basic 1996/05/13
\FP@xs=\count382
\FP@xia=\count383
\FP@xib=\count384
\FP@xfa=\count385
\FP@xfb=\count386
\FP@rega=\count387
\FP@regb=\count388
\FP@regs=\count389
\FP@times=\count390
) (/usr/share/texlive/texmf-dist/tex/latex/fp/fp-addons.sty
Package: fp-addons 1995/03/15
) (/usr/share/texlive/texmf-dist/tex/latex/fp/fp-snap.sty
Package: fp-snap 1995/04/05
) (/usr/share/texlive/texmf-dist/tex/latex/fp/fp-exp.sty
Package: fp-exp 1995/04/03
) (/usr/share/texlive/texmf-dist/tex/latex/fp/fp-trigo.sty
Package: fp-trigo 1995/04/14
) (/usr/share/texlive/texmf-dist/tex/latex/fp/fp-pas.sty
Package: fp-pas 1994/08/29
) (/usr/share/texlive/texmf-dist/tex/latex/fp/fp-random.sty
Package: fp-random 1995/02/23
\FPseed=\count391
) (/usr/share/texlive/texmf-dist/tex/latex/fp/fp-eqn.sty
Package: fp-eqn 1995/04/03
) (/usr/share/texlive/texmf-dist/tex/latex/fp/fp-upn.sty
Package: fp-upn 1996/10/21
) (/usr/share/texlive/texmf-dist/tex/latex/fp/fp-eval.sty
Package: fp-eval 1995/04/03
)))
\@dtl@toks=\toks53
\@dtl@tmpcount=\count392
\dtl@tmplength=\skip352
\dtl@sortresult=\count393
\@dtl@numgrpsepcount=\count394
\@dtl@datatype=\count395
\dtl@codeA=\count396
\dtl@codeB=\count397
\@dtl@foreach@level=\count398
)
(/usr/share/texlive/texmf-dist/tex/latex/glossaries/base/glossaries-compatible-
307.sty
Package: glossaries-compatible-307 2020/02/13 v4.45 (NLCT)
) (/usr/share/texlive/texmf-dist/tex/latex/tracklang/tracklang.sty
Package: tracklang 2019/11/30 v1.4 (NLCT) Track Languages
(/usr/share/texlive/texmf-dist/tex/generic/tracklang/tracklang.tex)) (/usr/shar
e/texlive/texmf-dist/tex/latex/translator/translator.sty
Package: translator 2019-05-31 v1.12a Easy translation of strings in LaTeX
) (/usr/share/texlive/texmf-dist/tex/latex/glossaries-dutch/glossaries-dutch.ld
f
File: glossaries-dutch.ldf 2014/11/28 v1.1
)
(/usr/share/texlive/texmf-dist/tex/latex/glossaries-english/glossaries-english.
ldf
File: glossaries-english.ldf 2014/11/23 v1.0
)
\gls@level=\count399
\@gls@tmpb=\toks54
\gls@tmplen=\skip353

Package glossaries Warning: Overriding \printglossary on input line 5937.


Package glossaries Warning: Overriding `theglossary' environment on input line 
6527.

\glskeylisttok=\toks55
\glslabeltok=\toks56
\glsshorttok=\toks57
\glslongtok=\toks58

(/usr/share/texlive/texmf-dist/tex/latex/glossaries/styles/glossary-hypernav.st
y
Package: glossary-hypernav 2020/02/13 v4.45 (NLCT)
) (/usr/share/texlive/texmf-dist/tex/latex/glossaries/styles/glossary-list.sty
Package: glossary-list 2020/02/13 v4.45 (NLCT)
\glslistdottedwidth=\skip354
) (/usr/share/texlive/texmf-dist/tex/latex/glossaries/styles/glossary-long.sty
Package: glossary-long 2020/02/13 v4.45 (NLCT)
(/usr/share/texlive/texmf-dist/tex/latex/tools/longtable.sty
Package: longtable 2020/01/07 v4.13 Multi-page Table package (DPC)
\LTleft=\skip355
\LTright=\skip356
\LTpre=\skip357
\LTpost=\skip358
\LTchunksize=\count400
\LTcapwidth=\dimen344
\LT@head=\box82
\LT@firsthead=\box83
\LT@foot=\box84
\LT@lastfoot=\box85
\LT@cols=\count401
\LT@rows=\count402
\c@LT@tables=\count403
\c@LT@chunks=\count404
\LT@p@ftn=\toks59
)
\glsdescwidth=\skip359
\glspagelistwidth=\skip360
) (/usr/share/texlive/texmf-dist/tex/latex/glossaries/styles/glossary-super.sty
Package: glossary-super 2020/02/13 v4.45 (NLCT)
(/usr/share/texlive/texmf-dist/tex/latex/supertabular/supertabular.sty
Package: supertabular 2020/02/02 v4.1g the supertabular environment
\c@tracingst=\count405
\ST@wd=\dimen345
\ST@rightskip=\skip361
\ST@leftskip=\skip362
\ST@parfillskip=\skip363
\ST@pageleft=\dimen346
\ST@headht=\dimen347
\ST@tailht=\dimen348
\ST@pagesofar=\dimen349
\ST@pboxht=\dimen350
\ST@lineht=\dimen351
\ST@prevht=\dimen352
\ST@toadd=\dimen353
\ST@dimen=\dimen354
\ST@pbox=\box86
)) (/usr/share/texlive/texmf-dist/tex/latex/glossaries/styles/glossary-tree.sty
Package: glossary-tree 2020/02/13 v4.45 (NLCT)
\glstreeindent=\skip364
))
\glswrite=\write6
\glo@main@file=\write7
\openout7 = `thesis.glo'.

Package glossaries Info: Writing glossary file thesis.glo on input line 63.
\glo@acronym@file=\write8
\openout8 = `thesis.acn'.

Package glossaries Info: Writing glossary file thesis.acn on input line 63.

(/usr/share/texlive/texmf-dist/tex/generic/pgf/frontendlayer/tikz/libraries/tik
zlibraryshapes.code.tex
File: tikzlibraryshapes.code.tex 2020/01/08 v3.1.5b (3.1.5b)

(/usr/share/texlive/texmf-dist/tex/generic/pgf/frontendlayer/tikz/libraries/tik
zlibraryshapes.geometric.code.tex
File: tikzlibraryshapes.geometric.code.tex 2020/01/08 v3.1.5b (3.1.5b)

(/usr/share/texlive/texmf-dist/tex/generic/pgf/libraries/shapes/pgflibraryshape
s.geometric.code.tex
File: pgflibraryshapes.geometric.code.tex 2020/01/08 v3.1.5b (3.1.5b)
))
(/usr/share/texlive/texmf-dist/tex/generic/pgf/frontendlayer/tikz/libraries/tik
zlibraryshapes.misc.code.tex
File: tikzlibraryshapes.misc.code.tex 2020/01/08 v3.1.5b (3.1.5b)

(/usr/share/texlive/texmf-dist/tex/generic/pgf/libraries/shapes/pgflibraryshape
s.misc.code.tex
File: pgflibraryshapes.misc.code.tex 2020/01/08 v3.1.5b (3.1.5b)
))
(/usr/share/texlive/texmf-dist/tex/generic/pgf/frontendlayer/tikz/libraries/tik
zlibraryshapes.symbols.code.tex
File: tikzlibraryshapes.symbols.code.tex 2020/01/08 v3.1.5b (3.1.5b)

(/usr/share/texlive/texmf-dist/tex/generic/pgf/libraries/shapes/pgflibraryshape
s.symbols.code.tex
File: pgflibraryshapes.symbols.code.tex 2020/01/08 v3.1.5b (3.1.5b)
))
(/usr/share/texlive/texmf-dist/tex/generic/pgf/frontendlayer/tikz/libraries/tik
zlibraryshapes.arrows.code.tex
File: tikzlibraryshapes.arrows.code.tex 2020/01/08 v3.1.5b (3.1.5b)

(/usr/share/texlive/texmf-dist/tex/generic/pgf/libraries/shapes/pgflibraryshape
s.arrows.code.tex
File: pgflibraryshapes.arrows.code.tex 2020/01/08 v3.1.5b (3.1.5b)
))
(/usr/share/texlive/texmf-dist/tex/generic/pgf/frontendlayer/tikz/libraries/tik
zlibraryshapes.callouts.code.tex
(/usr/share/texlive/texmf-dist/tex/generic/pgf/libraries/shapes/pgflibraryshape
s.callouts.code.tex))
(/usr/share/texlive/texmf-dist/tex/generic/pgf/frontendlayer/tikz/libraries/tik
zlibraryshapes.multipart.code.tex
File: tikzlibraryshapes.multipart.code.tex 2020/01/08 v3.1.5b (3.1.5b)

(/usr/share/texlive/texmf-dist/tex/generic/pgf/libraries/shapes/pgflibraryshape
s.multipart.code.tex
File: pgflibraryshapes.multipart.code.tex 2020/01/08 v3.1.5b (3.1.5b)
\pgfnodepartlowerbox=\box87
\pgfnodeparttwobox=\box88
\pgfnodepartthreebox=\box89
\pgfnodepartfourbox=\box90
\pgfnodeparttwentybox=\box91
\pgfnodepartnineteenbox=\box92
\pgfnodeparteighteenbox=\box93
\pgfnodepartseventeenbox=\box94
\pgfnodepartsixteenbox=\box95
\pgfnodepartfifteenbox=\box96
\pgfnodepartfourteenbox=\box97
\pgfnodepartthirteenbox=\box98
\pgfnodeparttwelvebox=\box99
\pgfnodepartelevenbox=\box100
\pgfnodeparttenbox=\box101
\pgfnodepartninebox=\box102
\pgfnodeparteightbox=\box103
\pgfnodepartsevenbox=\box104
\pgfnodepartsixbox=\box105
\pgfnodepartfivebox=\box106
)))
(/usr/share/texlive/texmf-dist/tex/generic/pgf/frontendlayer/tikz/libraries/tik
zlibraryarrows.code.tex
File: tikzlibraryarrows.code.tex 2020/01/08 v3.1.5b (3.1.5b)

(/usr/share/texlive/texmf-dist/tex/generic/pgf/libraries/pgflibraryarrows.code.
tex
File: pgflibraryarrows.code.tex 2020/01/08 v3.1.5b (3.1.5b)
\arrowsize=\dimen355
)) (/usr/share/texlive/texmf-dist/tex/latex/hyperref/hyperref.sty
Package: hyperref 2020/01/14 v7.00d Hypertext links for LaTeX
(/usr/share/texlive/texmf-dist/tex/generic/pdfescape/pdfescape.sty
Package: pdfescape 2019/12/09 v1.15 Implements pdfTeX's escape features (HO)
) (/usr/share/texlive/texmf-dist/tex/latex/hycolor/hycolor.sty
Package: hycolor 2020-01-27 v1.10 Color options for hyperref/bookmark (HO)
) (/usr/share/texlive/texmf-dist/tex/latex/letltxmacro/letltxmacro.sty
Package: letltxmacro 2019/12/03 v1.6 Let assignment for LaTeX macros (HO)
)
\@linkdim=\dimen356
\Hy@linkcounter=\count406
\Hy@pagecounter=\count407
(/usr/share/texlive/texmf-dist/tex/latex/hyperref/pd1enc.def
File: pd1enc.def 2020/01/14 v7.00d Hyperref: PDFDocEncoding definition (HO)
Now handling font encoding PD1 ...
... no UTF-8 mapping file for font encoding PD1
) (/usr/share/texlive/texmf-dist/tex/generic/intcalc/intcalc.sty
Package: intcalc 2019/12/15 v1.3 Expandable calculations with integers (HO)
)
\Hy@SavedSpaceFactor=\count408
\pdfmajorversion=\count409
Package hyperref Info: Option `pdfusetitle' set `true' on input line 4421.
Package hyperref Info: Option `colorlinks' set `true' on input line 4421.
Package hyperref Info: Option `plainpages' set `false' on input line 4421.
Package hyperref Info: Hyper figures OFF on input line 4547.
Package hyperref Info: Link nesting OFF on input line 4552.
Package hyperref Info: Hyper index ON on input line 4555.
Package hyperref Info: Plain pages OFF on input line 4562.
Package hyperref Info: Backreferencing OFF on input line 4567.
Package hyperref Info: Implicit mode ON; LaTeX internals redefined.
Package hyperref Info: Bookmarks ON on input line 4800.
\c@Hy@tempcnt=\count410
(/usr/share/texlive/texmf-dist/tex/latex/url/url.sty
\Urlmuskip=\muskip17
Package: url 2013/09/16  ver 3.4  Verb mode for urls, etc.
)
LaTeX Info: Redefining \url on input line 5159.
\XeTeXLinkMargin=\dimen357
(/usr/share/texlive/texmf-dist/tex/generic/bitset/bitset.sty
Package: bitset 2019/12/09 v1.3 Handle bit-vector datatype (HO)
(/usr/share/texlive/texmf-dist/tex/generic/bigintcalc/bigintcalc.sty
Package: bigintcalc 2019/12/15 v1.5 Expandable calculations on big integers (HO
)
))
\Fld@menulength=\count411
\Field@Width=\dimen358
\Fld@charsize=\dimen359
Package hyperref Info: Hyper figures OFF on input line 6430.
Package hyperref Info: Link nesting OFF on input line 6435.
Package hyperref Info: Hyper index ON on input line 6438.
Package hyperref Info: backreferencing OFF on input line 6445.
Package hyperref Info: Link coloring ON on input line 6448.
Package hyperref Info: Link coloring with OCG OFF on input line 6455.
Package hyperref Info: PDF/A mode OFF on input line 6460.
LaTeX Info: Redefining \ref on input line 6500.
LaTeX Info: Redefining \pageref on input line 6504.
\Hy@abspage=\count412
\c@Item=\count413
\c@Hfootnote=\count414
) (/usr/share/texlive/texmf-dist/tex/latex/memoir/memhfixc.sty
Package: memhfixc 2019/10/24 v1.18 nameref/hyperref package fixes for memoir cl
ass
\c@memhycontfloat=\count415
\c@Hpagenote=\count416
)
Package hyperref Info: Driver (autodetected): hpdftex.
(/usr/share/texlive/texmf-dist/tex/latex/hyperref/hpdftex.def
File: hpdftex.def 2020/01/14 v7.00d Hyperref driver for pdfTeX
(/usr/share/texlive/texmf-dist/tex/latex/atveryend/atveryend.sty
Package: atveryend 2019-12-11 v1.11 Hooks at the very end of document (HO)
)
\HyAnn@Count=\count417
\Fld@listcount=\count418
\c@bookmark@seq@number=\count419
(/usr/share/texlive/texmf-dist/tex/latex/rerunfilecheck/rerunfilecheck.sty
Package: rerunfilecheck 2019/12/05 v1.9 Rerun checks for auxiliary files (HO)
(/usr/share/texlive/texmf-dist/tex/generic/uniquecounter/uniquecounter.sty
Package: uniquecounter 2019/12/15 v1.4 Provide unlimited unique counter (HO)
)
Package uniquecounter Info: New unique counter `rerunfilecheck' on input line 2
86.
)
\Hy@SectionHShift=\skip365
) (/home/gennart/Documents/MAI/Thesis/Reports/Thesis/thesis.aux (/home/gennart/
Documents/MAI/Thesis/Reports/Thesis/intro.aux) (/home/gennart/Documents/MAI/The
sis/Reports/Thesis/chap-soa.aux) (/home/gennart/Documents/MAI/Thesis/Reports/Th
esis/chap-errorBound.aux) (/home/gennart/Documents/MAI/Thesis/Reports/Thesis/ch
ap-hardware.aux) (/home/gennart/Documents/MAI/Thesis/Reports/Thesis/chap-result
s.aux) (/home/gennart/Documents/MAI/Thesis/Reports/Thesis/conclusion.aux))
\openout1 = `thesis.aux'.

LaTeX Font Info:    Checking defaults for OML/cmm/m/it on input line 97.
LaTeX Font Info:    ... okay on input line 97.
LaTeX Font Info:    Checking defaults for OMS/cmsy/m/n on input line 97.
LaTeX Font Info:    ... okay on input line 97.
LaTeX Font Info:    Checking defaults for OT1/cmr/m/n on input line 97.
LaTeX Font Info:    ... okay on input line 97.
LaTeX Font Info:    Checking defaults for T1/cmr/m/n on input line 97.
LaTeX Font Info:    ... okay on input line 97.
LaTeX Font Info:    Checking defaults for TS1/cmr/m/n on input line 97.
LaTeX Font Info:    ... okay on input line 97.
LaTeX Font Info:    Checking defaults for OMX/cmex/m/n on input line 97.
LaTeX Font Info:    ... okay on input line 97.
LaTeX Font Info:    Checking defaults for U/cmr/m/n on input line 97.
LaTeX Font Info:    ... okay on input line 97.
LaTeX Font Info:    Checking defaults for PD1/pdf/m/n on input line 97.
LaTeX Font Info:    ... okay on input line 97.
LaTeX Font Info:    Trying to load font information for T1+lmr on input line 97
.
(/usr/share/texmf/tex/latex/lm/t1lmr.fd
File: t1lmr.fd 2009/10/30 v1.6 Font defs for Latin Modern
) (/usr/share/texlive/texmf-dist/tex/context/base/mkii/supp-pdf.mkii
[Loading MPS to PDF converter (version 2006.09.02).]
\scratchcounter=\count420
\scratchdimen=\dimen360
\scratchbox=\box107
\nofMPsegments=\count421
\nofMParguments=\count422
\everyMPshowfont=\toks60
\MPscratchCnt=\count423
\MPscratchDim=\dimen361
\MPnumerator=\count424
\makeMPintoPDFobject=\count425
\everyMPtoPDFconversion=\toks61
) (/usr/share/texlive/texmf-dist/tex/latex/epstopdf-pkg/epstopdf-base.sty
Package: epstopdf-base 2020-01-24 v2.11 Base part for package epstopdf
Package epstopdf-base Info: Redefining graphics rule for `.eps' on input line 4
85.
(/usr/share/texlive/texmf-dist/tex/latex/latexconfig/epstopdf-sys.cfg
File: epstopdf-sys.cfg 2010/07/13 v1.3 Configuration of (r)epstopdf for TeX Liv
e
))

******************************************************
Stock height and width: 845.04684pt by 597.50787pt
Top and edge trims: 0pt and 0pt
Page height and width: 845.04684pt by 597.50787pt
Text height and width: 609.40027pt by 398pt
Spine and edge margins: 79.6665pt and 119.50279pt
Upper and lower margins: 106.09436pt and 129.55222pt
Headheight and headsep: 13.6pt and 19.8738pt
Footskip: 27.46295pt
Columnsep and columnseprule: 10pt and 0pt
Marginparsep and marginparwidth: 16.31996pt and 86.86287pt
Sidecapsep and sidecapwidth: 7pt and 101pt
Sidebarhsep and sidebarwidth: 7pt and 101pt
Sidebarvsep and sidebartopsep: 13.6pt and 0pt
Sidebarheight: 594.32022pt
Sidefoothsep and sidefootwidth: 7pt and 101pt
Sidefootvsep and sidefootheight: 13.6pt and 594.32022pt
******************************************************

LaTeX Info: Redefining \microtypecontext on input line 97.
Package microtype Info: Generating PDF output.
Package microtype Info: Character protrusion enabled (level 2).
Package microtype Info: Using default protrusion set `alltext'.
Package microtype Info: Automatic font expansion enabled (level 2),
(microtype)             stretch: 20, shrink: 20, step: 1, non-selected.
Package microtype Info: Using default expansion set `basictext'.
LaTeX Info: Redefining \showhyphens on input line 97.
Package microtype Info: No adjustment of tracking.
Package microtype Info: No adjustment of interword spacing.
Package microtype Info: No adjustment of character kerning.
(/usr/share/texlive/texmf-dist/tex/latex/microtype/mt-cmr.cfg
File: mt-cmr.cfg 2013/05/19 v2.2 microtype config. file: Computer Modern Roman 
(RS)
) ABD: EveryShipout initializing macros
Package caption Info: Begin \AtBeginDocument code.
Package caption Info: subfig package v1.3 is loaded.
Package caption Info: hyperref package is loaded.
Package caption Info: longtable package is loaded.
(/usr/share/texlive/texmf-dist/tex/latex/caption/ltcaption.sty
Package: ltcaption 2018/08/26 v1.4a longtable captions (AR)
)
Package caption Info: supertabular package is loaded.
Package caption Info: End \AtBeginDocument code.
\AtBeginShipoutBox=\box108
Package pgfplots notification 'compat/show suggested version=true': you might b
enefit from \pgfplotsset{compat=1.16} (current compat level: 1.13).

Package hyperref Info: Link coloring ON on input line 97.
(/usr/share/texlive/texmf-dist/tex/latex/hyperref/nameref.sty
Package: nameref 2019/09/16 v2.46 Cross-referencing by name of section
(/usr/share/texlive/texmf-dist/tex/latex/refcount/refcount.sty
Package: refcount 2019/12/15 v3.6 Data extraction from label references (HO)
) (/usr/share/texlive/texmf-dist/tex/generic/gettitlestring/gettitlestring.sty
Package: gettitlestring 2019/12/15 v1.6 Cleanup title references (HO)
)
\c@section@level=\count426
)
Redoing nameref's sectioning
Redoing nameref's label
LaTeX Info: Redefining \nameref on input line 97.
LaTeX Info: Redefining \ref on input line 97.
LaTeX Info: Redefining \pageref on input line 97.
LaTeX Info: Redefining \nameref on input line 97.
(/home/gennart/Documents/MAI/Thesis/Reports/Thesis/thesis.out) (/home/gennart/D
ocuments/MAI/Thesis/Reports/Thesis/thesis.out)
\@outlinefile=\write9
\openout9 = `thesis.out'.

Package microtype Info: Loading generic protrusion settings for font family
(microtype)             `kulemtfpf' (encoding: T1).
(microtype)             For optimal results, create family-specific settings.
(microtype)             See the microtype manual for details.
<logokuleng.pdf, id=111, 159.33528pt x 85.358pt>
File: logokuleng.pdf Graphic file (type pdf)
<use logokuleng.pdf>
Package pdftex.def Info: logokuleng.pdf  used on input line 97.
(pdftex.def)             Requested size: 159.33542pt x 85.3617pt.
LaTeX Font Info:    Font shape `T1/kulemtfpf/b/n' in size <12> not available
(Font)              Font shape `T1/kulemtfpf/bx/n' tried instead on input line 
97.
LaTeX Font Info:    Font shape `T1/kulemtfpf/b/n' in size <14.4> not available
(Font)              Font shape `T1/kulemtfpf/bx/n' tried instead on input line 
97.
[-1

\openout6 = `thesis.ist'.


{/var/lib/texmf/fonts/map/pdftex/updmap/pdftex.map} </home/gennart/Documents/MA
I/Thesis/Reports/Thesis/logokuleng.pdf>]
LaTeX Font Info:    Trying to load font information for TS1+lmr on input line 9
7.
(/usr/share/texmf/tex/latex/lm/ts1lmr.fd
File: ts1lmr.fd 2009/10/30 v1.6 Font defs for Latin Modern
)
LaTeX Font Info:    Trying to load font information for T1+lmtt on input line 9
7.
(/usr/share/texmf/tex/latex/lm/t1lmtt.fd
File: t1lmtt.fd 2009/10/30 v1.6 Font defs for Latin Modern
)
Package microtype Info: Loading generic protrusion settings for font family
(microtype)             `lmtt' (encoding: T1).
(microtype)             For optimal results, create family-specific settings.
(microtype)             See the microtype manual for details.
[0


]
Package hyperref Info: bookmark level for unknown todo defaults to 0 on input l
ine 103.

LaTeX Font Warning: Font shape `T1/lmr/m/scit' undefined
(Font)              using `T1/lmr/m/scsl' instead on input line 104.

[1



] (/home/gennart/Documents/MAI/Thesis/Reports/Thesis/thesis.toc
LaTeX Font Info:    Trying to load font information for OT1+lmr on input line 8
.
(/usr/share/texmf/tex/latex/lm/ot1lmr.fd
File: ot1lmr.fd 2009/10/30 v1.6 Font defs for Latin Modern
)
LaTeX Font Info:    Trying to load font information for OML+lmm on input line 8
.
(/usr/share/texmf/tex/latex/lm/omllmm.fd
File: omllmm.fd 2009/10/30 v1.6 Font defs for Latin Modern
)
LaTeX Font Info:    Trying to load font information for OMS+lmsy on input line 
8.
(/usr/share/texmf/tex/latex/lm/omslmsy.fd
File: omslmsy.fd 2009/10/30 v1.6 Font defs for Latin Modern
)
LaTeX Font Info:    Trying to load font information for OMX+lmex on input line 
8.
(/usr/share/texmf/tex/latex/lm/omxlmex.fd
File: omxlmex.fd 2009/10/30 v1.6 Font defs for Latin Modern
)
LaTeX Font Info:    External font `lmex10' loaded for size
(Font)              <10.95> on input line 8.
LaTeX Font Info:    External font `lmex10' loaded for size
(Font)              <8> on input line 8.
LaTeX Font Info:    External font `lmex10' loaded for size
(Font)              <6> on input line 8.
LaTeX Font Info:    Trying to load font information for U+msa on input line 8.
(/usr/share/texlive/texmf-dist/tex/latex/amsfonts/umsa.fd
File: umsa.fd 2013/01/14 v3.01 AMS symbols A
) (/usr/share/texlive/texmf-dist/tex/latex/microtype/mt-msa.cfg
File: mt-msa.cfg 2006/02/04 v1.1 microtype config. file: AMS symbols (a) (RS)
)
LaTeX Font Info:    Trying to load font information for U+msb on input line 8.
(/usr/share/texlive/texmf-dist/tex/latex/amsfonts/umsb.fd
File: umsb.fd 2013/01/14 v3.01 AMS symbols B
) (/usr/share/texlive/texmf-dist/tex/latex/microtype/mt-msb.cfg
File: mt-msb.cfg 2005/06/01 v1.0 microtype config. file: AMS symbols (b) (RS)
)) [2


] [3

] [4


]
\openout2 = `intro.aux'.

(/home/gennart/Documents/MAI/Thesis/Reports/Thesis/intro.tex
Underfull \vbox (badness 2564) has occurred while \output is active []

[1


])
Package microtype Info: Character `029' is missing
(microtype)             in font `T1/lmr/m/sc/10.95'.
(microtype)             Ignoring protrusion settings for this character.
[2]
\openout2 = `chap-soa.aux'.

(/home/gennart/Documents/MAI/Thesis/Reports/Thesis/chap-soa.tex
Package mdframed Info: mdframed works in twoside mode on input line 29.
(/home/gennart/Documents/MAI/Thesis/Reports/Thesis/../Images/spn_example1.tex
\pgf@layerbox@background=\box109
\pgf@layerboxsaved@background=\box110
\pgf@layerbox@foreground=\box111
\pgf@layerboxsaved@foreground=\box112
)
File: ../Images/spn_example1.tex Graphic file (type tex)
(/home/gennart/Documents/MAI/Thesis/Reports/Thesis/../Images/spn_example2.tex)
File: ../Images/spn_example2.tex Graphic file (type tex)
Package mdframed Info: mdframed inside float 
 mdframed uses option nobreak mdframed on input line 33.
Package mdframed Info: mdframed inside a box 
 mdframed uses option nobreak mdframed on input line 33.

Underfull \vbox (badness 4013) has occurred while \output is active []

[3



]
Package mdframed Info: mdframed works in twoside mode on input line 52.
(/home/gennart/Documents/MAI/Thesis/Reports/Thesis/../Images/incomplete.tex)
File: ../Images/incomplete.tex Graphic file (type tex)
(/home/gennart/Documents/MAI/Thesis/Reports/Thesis/../Images/inconsistent.tex)
File: ../Images/inconsistent.tex Graphic file (type tex)
Package mdframed Info: mdframed inside float 
 mdframed uses option nobreak mdframed on input line 55.
Package mdframed Info: mdframed inside a box 
 mdframed uses option nobreak mdframed on input line 55.
[4]
Package mdframed Info: mdframed works in twoside mode on input line 74.
pdfTeX warning (ext4): destination with the same identifier (name{subfigure.2.2
.1}) has been already used, duplicate ignored
<to be read again> 
                   \relax 
l.75   \subfloat
                [Literal node]{\includestandalone[scale=0.9]{../Images/liter...
(/home/gennart/Documents/MAI/Thesis/Reports/Thesis/../Images/literal_node.tex)
File: ../Images/literal_node.tex Graphic file (type tex)

Underfull \hbox (badness 10000) in paragraph at lines 75--75
[]\T1/lmr/m/n/9 (+20) (a) |Lit-eral
 []

pdfTeX warning (ext4): destination with the same identifier (name{subfigure.2.2
.2}) has been already used, duplicate ignored
<to be read again> 
                   \relax 
l.76   \subfloat
                [True node]{\includestandalone[scale=0.75]{../Images/true_no...
(/home/gennart/Documents/MAI/Thesis/Reports/Thesis/../Images/true_node.tex)
File: ../Images/true_node.tex Graphic file (type tex)
(/home/gennart/Documents/MAI/Thesis/Reports/Thesis/../Images/decomp_node.tex)
File: ../Images/decomp_node.tex Graphic file (type tex)
Package mdframed Info: mdframed inside float 
 mdframed uses option nobreak mdframed on input line 80.
Package mdframed Info: mdframed inside a box 
 mdframed uses option nobreak mdframed on input line 80.
[5]
Package mdframed Info: mdframed works in twoside mode on input line 106.
(/home/gennart/Documents/MAI/Thesis/Reports/Thesis/../Images/float_format.tex)
File: ../Images/float_format.tex Graphic file (type tex)
Package mdframed Info: mdframed inside float 
 mdframed uses option nobreak mdframed on input line 110.
Package mdframed Info: mdframed inside a box 
 mdframed uses option nobreak mdframed on input line 110.
[6]
Package mdframed Info: mdframed works in twoside mode on input line 173.
(/home/gennart/Documents/MAI/Thesis/Reports/Thesis/../Images/posit_format.tex)
File: ../Images/posit_format.tex Graphic file (type tex)
Package mdframed Info: mdframed inside float 
 mdframed uses option nobreak mdframed on input line 177.
Package mdframed Info: mdframed inside a box 
 mdframed uses option nobreak mdframed on input line 177.
[7] [8]
<../Images/decimal_accuracy.png, id=309, 781.92125pt x 195.73125pt>
File: ../Images/decimal_accuracy.png Graphic file (type png)
<use ../Images/decimal_accuracy.png>
Package pdftex.def Info: ../Images/decimal_accuracy.png  used on input line 237
.
(pdftex.def)             Requested size: 358.19757pt x 89.66412pt.
) [9] [10 <../Images/decimal_accuracy.png>]
\openout2 = `chap-errorBound.aux'.

(/home/gennart/Documents/MAI/Thesis/Reports/Thesis/chap-errorBound.tex [11



] [12]
(/home/gennart/Documents/MAI/Thesis/Reports/Thesis/../Images/posit_error_model.
tex
Missing character: There is no - in font nullfont!
)
File: ../Images/posit_error_model.tex Graphic file (type tex)
[13]
LaTeX Font Info:    External font `lmex10' loaded for size
(Font)              <9> on input line 132.
LaTeX Font Info:    External font `lmex10' loaded for size
(Font)              <5> on input line 132.
) [14] [15]
\openout2 = `chap-hardware.aux'.

(/home/gennart/Documents/MAI/Thesis/Reports/Thesis/chap-hardware.tex [16



]
Package mdframed Info: mdframed works in twoside mode on input line 16.
(/home/gennart/Documents/MAI/Thesis/Reports/Thesis/../Images/operator.tex)
File: ../Images/operator.tex Graphic file (type tex)
Package mdframed Info: mdframed inside float 
 mdframed uses option nobreak mdframed on input line 20.
Package mdframed Info: mdframed inside a box 
 mdframed uses option nobreak mdframed on input line 20.
[17]
Package mdframed Info: mdframed works in twoside mode on input line 34.

(/home/gennart/Documents/MAI/Thesis/Reports/Thesis/../Images/decoder_module_2.t
ex
Underfull \hbox (badness 10000) in paragraph at lines 17--17
[]\T1/lmr/m/n/10.95 (+20) Leading
 []

)
File: ../Images/decoder_module_2.tex Graphic file (type tex)

(/home/gennart/Documents/MAI/Thesis/Reports/Thesis/../Images/encoder_module_2.t
ex
Underfull \hbox (badness 10000) in paragraph at lines 22--22
[]\T1/lmr/m/n/10.95 (+20) Regime
 []

)
File: ../Images/encoder_module_2.tex Graphic file (type tex)
Package mdframed Info: mdframed inside float 
 mdframed uses option nobreak mdframed on input line 39.
Package mdframed Info: mdframed inside a box 
 mdframed uses option nobreak mdframed on input line 39.
[18] [19]
Package mdframed Info: mdframed works in twoside mode on input line 82.
(/home/gennart/Documents/MAI/Thesis/Reports/Thesis/../Images/pipeline.tex
LaTeX Font Info:    External font `lmex10' loaded for size
(Font)              <7> on input line 38.
)
File: ../Images/pipeline.tex Graphic file (type tex)
Package mdframed Info: mdframed inside float 
 mdframed uses option nobreak mdframed on input line 86.
Package mdframed Info: mdframed inside a box 
 mdframed uses option nobreak mdframed on input line 86.
Package mdframed Info: mdframed works in twoside mode on input line 98.
(/home/gennart/Documents/MAI/Thesis/Reports/Thesis/../Images/big_picture.tex)
File: ../Images/big_picture.tex Graphic file (type tex)
Package mdframed Info: mdframed inside float 
 mdframed uses option nobreak mdframed on input line 102.
Package mdframed Info: mdframed inside a box 
 mdframed uses option nobreak mdframed on input line 102.
[20]) [21]
\openout2 = `chap-results.aux'.

(/home/gennart/Documents/MAI/Thesis/Reports/Thesis/chap-results.tex [22



] [23]
Package mdframed Info: mdframed works in twoside mode on input line 31.

(/home/gennart/Documents/MAI/Thesis/Reports/Thesis/../Images/spn_example_03.tex
)
File: ../Images/spn_example_03.tex Graphic file (type tex)
Package mdframed Info: mdframed inside float 
 mdframed uses option nobreak mdframed on input line 35.
Package mdframed Info: mdframed inside a box 
 mdframed uses option nobreak mdframed on input line 35.

Underfull \vbox (badness 5274) has occurred while \output is active []

[24] [25] [26]
Package mdframed Info: mdframed works in twoside mode on input line 190.
PGFPlots: reading {test.csv}
PGFPlots: reading {test.csv}
PGFPlots: reading {test.csv}
PGFPlots: reading {test.csv}
Package mdframed Info: mdframed inside float 
 mdframed uses option nobreak mdframed on input line 227.
Package mdframed Info: mdframed inside a box 
 mdframed uses option nobreak mdframed on input line 227.
Package mdframed Info: mdframed works in twoside mode on input line 233.
PGFPlots: reading {test_2.csv}
PGFPlots: reading {test_2.csv}
PGFPlots: reading {test_2.csv}
PGFPlots: reading {test_2.csv}
Package mdframed Info: mdframed inside float 
 mdframed uses option nobreak mdframed on input line 270.
Package mdframed Info: mdframed inside a box 
 mdframed uses option nobreak mdframed on input line 270.

Overfull \hbox (15.90195pt too wide) in paragraph at lines 277--278
\T1/lmr/m/n/10.95 (-20) A com-plete hard-ware im-ple-men-ta-tion can be found a
t [][]$\T1/lmtt/m/n/10.95 https : / / github . com / gennartan /
 []

[27]
Underfull \vbox (badness 10000) has occurred while \output is active []

[28] [29]) [30]
\openout2 = `conclusion.aux'.

(/home/gennart/Documents/MAI/Thesis/Reports/Thesis/conclusion.tex [31



]) [32] (/home/gennart/Documents/MAI/Thesis/Reports/Thesis/thesis.acr) [33




] [34

] (/home/gennart/Documents/MAI/Thesis/Reports/Thesis/thesis.bbl
bibitemlist

Underfull \hbox (badness 10000) in paragraph at lines 8--12
[]\T1/lmr/m/n/10.95 (+20) arranger1044.  awesome-spn.  [][]$\T1/lmtt/m/n/10.95 
https : / / github . com / arranger1044 /
 []


Underfull \hbox (badness 1348) in paragraph at lines 25--31
[]\T1/lmr/m/n/10.95 (+20) J. D. Daniel Lowd.  Learn-ing Markov Net-work Struc-t
ure with De-ci-
 []

[35

]) [36] [37

]
\tf@toc=\write10
\openout10 = `thesis.toc'.

Package atveryend Info: Empty hook `BeforeClearDocument' on input line 138.
Package atveryend Info: Empty hook `AfterLastShipout' on input line 138.
(/home/gennart/Documents/MAI/Thesis/Reports/Thesis/thesis.aux (/home/gennart/Do
cuments/MAI/Thesis/Reports/Thesis/intro.aux) (/home/gennart/Documents/MAI/Thesi
s/Reports/Thesis/chap-soa.aux) (/home/gennart/Documents/MAI/Thesis/Reports/Thes
is/chap-errorBound.aux) (/home/gennart/Documents/MAI/Thesis/Reports/Thesis/chap
-hardware.aux) (/home/gennart/Documents/MAI/Thesis/Reports/Thesis/chap-results.
aux) (/home/gennart/Documents/MAI/Thesis/Reports/Thesis/conclusion.aux))
Package atveryend Info: Executing hook `AtVeryEndDocument' on input line 138.
Package atveryend Info: Executing hook `AtEndAfterFileList' on input line 138.
Package rerunfilecheck Info: File `thesis.out' has not changed.
(rerunfilecheck)             Checksum: 05379287F4AEB61A14BF4169D4EF3CBB;1169.
 ) 
Here is how much of TeX's memory you used:
 50324 strings out of 481239
 1108540 string characters out of 5920377
 1675979 words of memory out of 5000000
 64248 multiletter control sequences out of 15000+600000
 645666 words of font info for 156 fonts, out of 8000000 for 9000
 1141 hyphenation exceptions out of 8191
 67i,22n,111p,1478b,2561s stack positions out of 5000i,500n,10000p,200000b,80000s
{/usr/share/texmf/fonts/enc/dvips/lm/lm-ec.enc}{/usr/share/texmf/fonts/enc/dv
ips/lm/lm-rm.enc}{/usr/share/texmf/fonts/enc/dvips/lm/lm-mathit.enc}{/usr/share
/texmf/fonts/enc/dvips/lm/lm-mathsy.enc}{/usr/share/texmf/fonts/enc/dvips/lm/lm
-mathex.enc}{/usr/share/texmf/fonts/enc/dvips/lm/lm-ts1.enc}{/usr/share/texlive
/texmf-dist/fonts/enc/dvips/base/8r.enc}</usr/share/texlive/texmf-dist/fonts/ty
pe1/public/amsfonts/latxfont/line10.pfb></usr/share/texmf/fonts/type1/public/lm
/lmbx10.pfb></usr/share/texmf/fonts/type1/public/lm/lmbx12.pfb></usr/share/texm
f/fonts/type1/public/lm/lmbx8.pfb></usr/share/texmf/fonts/type1/public/lm/lmcsc
10.pfb></usr/share/texmf/fonts/type1/public/lm/lmcsco10.pfb></usr/share/texmf/f
onts/type1/public/lm/lmex10.pfb></usr/share/texmf/fonts/type1/public/lm/lmmi10.
pfb></usr/share/texmf/fonts/type1/public/lm/lmmi5.pfb></usr/share/texmf/fonts/t
ype1/public/lm/lmmi7.pfb></usr/share/texmf/fonts/type1/public/lm/lmmi8.pfb></us
r/share/texmf/fonts/type1/public/lm/lmmi9.pfb></usr/share/texmf/fonts/type1/pub
lic/lm/lmr10.pfb></usr/share/texmf/fonts/type1/public/lm/lmr12.pfb></usr/share/
texmf/fonts/type1/public/lm/lmr5.pfb></usr/share/texmf/fonts/type1/public/lm/lm
r6.pfb></usr/share/texmf/fonts/type1/public/lm/lmr7.pfb></usr/share/texmf/fonts
/type1/public/lm/lmr8.pfb></usr/share/texmf/fonts/type1/public/lm/lmr9.pfb></us
r/share/texmf/fonts/type1/public/lm/lmri10.pfb></usr/share/texmf/fonts/type1/pu
blic/lm/lmsy10.pfb></usr/share/texmf/fonts/type1/public/lm/lmsy8.pfb></usr/shar
e/texmf/fonts/type1/public/lm/lmtt10.pfb></usr/share/texlive/texmf-dist/fonts/t
ype1/urw/helvetic/uhvb8a.pfb></usr/share/texlive/texmf-dist/fonts/type1/urw/hel
vetic/uhvr8a.pfb>
Output written on /home/gennart/Documents/MAI/Thesis/Reports/Thesis/thesis.pdf 
(43 pages, 556841 bytes).
PDF statistics:
 769 PDF objects out of 1000 (max. 8388607)
 668 compressed objects within 7 object streams
 181 named destinations out of 1000 (max. 500000)
 29975 words of extra memory for PDF output out of 35830 (max. 10000000)

